This is pdfTeX, Version 3.141592653-2.6-1.40.25 (MiKTeX 24.1) (preloaded format=pdflatex 2025.3.21)  30 OCT 2025 18:23
entering extended mode
 restricted \write18 enabled.
 %&-line parsing enabled.
**./IEEE-conference-template-062824.tex
(IEEE-conference-template-062824.tex
LaTeX2e <2023-11-01> patch level 1
L3 programming layer <2024-01-04>
(IEEEtran.cls
Document Class: IEEEtran 2015/08/26 V1.8b by Michael Shell
-- See the "IEEEtran_HOWTO" manual for usage information.
-- http://www.michaelshell.org/tex/ieeetran/
\@IEEEtrantmpdimenA=\dimen140
\@IEEEtrantmpdimenB=\dimen141
\@IEEEtrantmpdimenC=\dimen142
\@IEEEtrantmpcountA=\count187
\@IEEEtrantmpcountB=\count188
\@IEEEtrantmpcountC=\count189
\@IEEEtrantmptoksA=\toks17
LaTeX Font Info:    Trying to load font information for OT1+ptm on input line 5
03.
(C:\Users\Usuario\AppData\Local\Programs\MiKTeX\tex/latex/psnfss\ot1ptm.fd
File: ot1ptm.fd 2001/06/04 font definitions for OT1/ptm.
)
-- Using 8.5in x 11in (letter) paper.
-- Using PDF output.
\@IEEEnormalsizeunitybaselineskip=\dimen143
-- This is a 10 point document.
\CLASSINFOnormalsizebaselineskip=\dimen144
\CLASSINFOnormalsizeunitybaselineskip=\dimen145
\IEEEnormaljot=\dimen146
LaTeX Font Info:    Font shape `OT1/ptm/bx/n' in size <5> not available
(Font)              Font shape `OT1/ptm/b/n' tried instead on input line 1090.
LaTeX Font Info:    Font shape `OT1/ptm/bx/it' in size <5> not available
(Font)              Font shape `OT1/ptm/b/it' tried instead on input line 1090.

LaTeX Font Info:    Font shape `OT1/ptm/bx/n' in size <7> not available
(Font)              Font shape `OT1/ptm/b/n' tried instead on input line 1090.
LaTeX Font Info:    Font shape `OT1/ptm/bx/it' in size <7> not available
(Font)              Font shape `OT1/ptm/b/it' tried instead on input line 1090.

LaTeX Font Info:    Font shape `OT1/ptm/bx/n' in size <8> not available
(Font)              Font shape `OT1/ptm/b/n' tried instead on input line 1090.
LaTeX Font Info:    Font shape `OT1/ptm/bx/it' in size <8> not available
(Font)              Font shape `OT1/ptm/b/it' tried instead on input line 1090.

LaTeX Font Info:    Font shape `OT1/ptm/bx/n' in size <9> not available
(Font)              Font shape `OT1/ptm/b/n' tried instead on input line 1090.
LaTeX Font Info:    Font shape `OT1/ptm/bx/it' in size <9> not available
(Font)              Font shape `OT1/ptm/b/it' tried instead on input line 1090.

LaTeX Font Info:    Font shape `OT1/ptm/bx/n' in size <10> not available
(Font)              Font shape `OT1/ptm/b/n' tried instead on input line 1090.
LaTeX Font Info:    Font shape `OT1/ptm/bx/it' in size <10> not available
(Font)              Font shape `OT1/ptm/b/it' tried instead on input line 1090.

LaTeX Font Info:    Font shape `OT1/ptm/bx/n' in size <11> not available
(Font)              Font shape `OT1/ptm/b/n' tried instead on input line 1090.
LaTeX Font Info:    Font shape `OT1/ptm/bx/it' in size <11> not available
(Font)              Font shape `OT1/ptm/b/it' tried instead on input line 1090.

LaTeX Font Info:    Font shape `OT1/ptm/bx/n' in size <12> not available
(Font)              Font shape `OT1/ptm/b/n' tried instead on input line 1090.
LaTeX Font Info:    Font shape `OT1/ptm/bx/it' in size <12> not available
(Font)              Font shape `OT1/ptm/b/it' tried instead on input line 1090.

LaTeX Font Info:    Font shape `OT1/ptm/bx/n' in size <17> not available
(Font)              Font shape `OT1/ptm/b/n' tried instead on input line 1090.
LaTeX Font Info:    Font shape `OT1/ptm/bx/it' in size <17> not available
(Font)              Font shape `OT1/ptm/b/it' tried instead on input line 1090.

LaTeX Font Info:    Font shape `OT1/ptm/bx/n' in size <20> not available
(Font)              Font shape `OT1/ptm/b/n' tried instead on input line 1090.
LaTeX Font Info:    Font shape `OT1/ptm/bx/it' in size <20> not available
(Font)              Font shape `OT1/ptm/b/it' tried instead on input line 1090.

LaTeX Font Info:    Font shape `OT1/ptm/bx/n' in size <24> not available
(Font)              Font shape `OT1/ptm/b/n' tried instead on input line 1090.
LaTeX Font Info:    Font shape `OT1/ptm/bx/it' in size <24> not available
(Font)              Font shape `OT1/ptm/b/it' tried instead on input line 1090.

\IEEEquantizedlength=\dimen147
\IEEEquantizedlengthdiff=\dimen148
\IEEEquantizedtextheightdiff=\dimen149
\IEEEilabelindentA=\dimen150
\IEEEilabelindentB=\dimen151
\IEEEilabelindent=\dimen152
\IEEEelabelindent=\dimen153
\IEEEdlabelindent=\dimen154
\IEEElabelindent=\dimen155
\IEEEiednormlabelsep=\dimen156
\IEEEiedmathlabelsep=\dimen157
\IEEEiedtopsep=\skip48
\c@section=\count190
\c@subsection=\count191
\c@subsubsection=\count192
\c@paragraph=\count193
\c@IEEEsubequation=\count194
\abovecaptionskip=\skip49
\belowcaptionskip=\skip50
\c@figure=\count195
\c@table=\count196
\@IEEEeqnnumcols=\count197
\@IEEEeqncolcnt=\count198
\@IEEEsubeqnnumrollback=\count199
\@IEEEquantizeheightA=\dimen158
\@IEEEquantizeheightB=\dimen159
\@IEEEquantizeheightC=\dimen160
\@IEEEquantizeprevdepth=\dimen161
\@IEEEquantizemultiple=\count266
\@IEEEquantizeboxA=\box51
\@IEEEtmpitemindent=\dimen162
\IEEEPARstartletwidth=\dimen163
\c@IEEEbiography=\count267
\@IEEEtranrubishbin=\box52
)
** ATTENTION: Overriding command lockouts (line 2).
(C:\Users\Usuario\AppData\Local\Programs\MiKTeX\tex/latex/cite\cite.sty
LaTeX Info: Redefining \cite on input line 302.
LaTeX Info: Redefining \nocite on input line 332.
Package: cite 2015/02/27  v 5.5
)
(C:\Users\Usuario\AppData\Local\Programs\MiKTeX\tex/latex/amsmath\amsmath.sty
Package: amsmath 2023/05/13 v2.17o AMS math features
\@mathmargin=\skip51

For additional information on amsmath, use the `?' option.
(C:\Users\Usuario\AppData\Local\Programs\MiKTeX\tex/latex/amsmath\amstext.sty
Package: amstext 2021/08/26 v2.01 AMS text

(C:\Users\Usuario\AppData\Local\Programs\MiKTeX\tex/latex/amsmath\amsgen.sty
File: amsgen.sty 1999/11/30 v2.0 generic functions
\@emptytoks=\toks18
\ex@=\dimen164
))
(C:\Users\Usuario\AppData\Local\Programs\MiKTeX\tex/latex/amsmath\amsbsy.sty
Package: amsbsy 1999/11/29 v1.2d Bold Symbols
\pmbraise@=\dimen165
)
(C:\Users\Usuario\AppData\Local\Programs\MiKTeX\tex/latex/amsmath\amsopn.sty
Package: amsopn 2022/04/08 v2.04 operator names
)
\inf@bad=\count268
LaTeX Info: Redefining \frac on input line 234.
\uproot@=\count269
\leftroot@=\count270
LaTeX Info: Redefining \overline on input line 399.
LaTeX Info: Redefining \colon on input line 410.
\classnum@=\count271
\DOTSCASE@=\count272
LaTeX Info: Redefining \ldots on input line 496.
LaTeX Info: Redefining \dots on input line 499.
LaTeX Info: Redefining \cdots on input line 620.
\Mathstrutbox@=\box53
\strutbox@=\box54
LaTeX Info: Redefining \big on input line 722.
LaTeX Info: Redefining \Big on input line 723.
LaTeX Info: Redefining \bigg on input line 724.
LaTeX Info: Redefining \Bigg on input line 725.
\big@size=\dimen166
LaTeX Font Info:    Redeclaring font encoding OML on input line 743.
LaTeX Font Info:    Redeclaring font encoding OMS on input line 744.
\macc@depth=\count273
LaTeX Info: Redefining \bmod on input line 905.
LaTeX Info: Redefining \pmod on input line 910.
LaTeX Info: Redefining \smash on input line 940.
LaTeX Info: Redefining \relbar on input line 970.
LaTeX Info: Redefining \Relbar on input line 971.
\c@MaxMatrixCols=\count274
\dotsspace@=\muskip16
\c@parentequation=\count275
\dspbrk@lvl=\count276
\tag@help=\toks19
\row@=\count277
\column@=\count278
\maxfields@=\count279
\andhelp@=\toks20
\eqnshift@=\dimen167
\alignsep@=\dimen168
\tagshift@=\dimen169
\tagwidth@=\dimen170
\totwidth@=\dimen171
\lineht@=\dimen172
\@envbody=\toks21
\multlinegap=\skip52
\multlinetaggap=\skip53
\mathdisplay@stack=\toks22
LaTeX Info: Redefining \[ on input line 2953.
LaTeX Info: Redefining \] on input line 2954.
)
(C:\Users\Usuario\AppData\Local\Programs\MiKTeX\tex/latex/amsfonts\amssymb.sty
Package: amssymb 2013/01/14 v3.01 AMS font symbols

(C:\Users\Usuario\AppData\Local\Programs\MiKTeX\tex/latex/amsfonts\amsfonts.sty
Package: amsfonts 2013/01/14 v3.01 Basic AMSFonts support
\symAMSa=\mathgroup4
\symAMSb=\mathgroup5
LaTeX Font Info:    Redeclaring math symbol \hbar on input line 98.
LaTeX Font Info:    Overwriting math alphabet `\mathfrak' in version `bold'
(Font)                  U/euf/m/n --> U/euf/b/n on input line 106.
))
(C:\Users\Usuario\AppData\Local\Programs\MiKTeX\tex/latex/algorithms\algorithmi
c.sty
Package: algorithmic 2009/08/24 v0.1 Document Style `algorithmic'
 (C:\Users\Usuario\AppData\Local\Programs\MiKTeX\tex/latex/base\ifthen.sty
Package: ifthen 2022/04/13 v1.1d Standard LaTeX ifthen package (DPC)
) (C:\Users\Usuario\AppData\Local\Programs\MiKTeX\tex/latex/graphics\keyval.sty
Package: keyval 2022/05/29 v1.15 key=value parser (DPC)
\KV@toks@=\toks23
)
\c@ALC@unique=\count280
\c@ALC@line=\count281
\c@ALC@rem=\count282
\c@ALC@depth=\count283
\ALC@tlm=\skip54
\algorithmicindent=\skip55
)
(C:\Users\Usuario\AppData\Local\Programs\MiKTeX\tex/latex/graphics\graphicx.sty
Package: graphicx 2021/09/16 v1.2d Enhanced LaTeX Graphics (DPC,SPQR)

(C:\Users\Usuario\AppData\Local\Programs\MiKTeX\tex/latex/graphics\graphics.sty
Package: graphics 2022/03/10 v1.4e Standard LaTeX Graphics (DPC,SPQR)
(C:\Users\Usuario\AppData\Local\Programs\MiKTeX\tex/latex/graphics\trig.sty
Package: trig 2021/08/11 v1.11 sin cos tan (DPC)
)
(C:\Users\Usuario\AppData\Local\Programs\MiKTeX\tex/latex/graphics-cfg\graphics
.cfg
File: graphics.cfg 2016/06/04 v1.11 sample graphics configuration
)
Package graphics Info: Driver file: pdftex.def on input line 107.

(C:\Users\Usuario\AppData\Local\Programs\MiKTeX\tex/latex/graphics-def\pdftex.d
ef
File: pdftex.def 2022/09/22 v1.2b Graphics/color driver for pdftex
))
\Gin@req@height=\dimen173
\Gin@req@width=\dimen174
)
(C:\Users\Usuario\AppData\Local\Programs\MiKTeX\tex/latex/base\textcomp.sty
Package: textcomp 2020/02/02 v2.0n Standard LaTeX package
)
(C:\Users\Usuario\AppData\Local\Programs\MiKTeX\tex/latex/xcolor\xcolor.sty
Package: xcolor 2023/11/15 v3.01 LaTeX color extensions (UK)

(C:\Users\Usuario\AppData\Local\Programs\MiKTeX\tex/latex/graphics-cfg\color.cf
g
File: color.cfg 2016/01/02 v1.6 sample color configuration
)
Package xcolor Info: Driver file: pdftex.def on input line 274.

(C:\Users\Usuario\AppData\Local\Programs\MiKTeX\tex/latex/graphics\mathcolor.lt
x)
Package xcolor Info: Model `cmy' substituted by `cmy0' on input line 1350.
Package xcolor Info: Model `hsb' substituted by `rgb' on input line 1354.
Package xcolor Info: Model `RGB' extended on input line 1366.
Package xcolor Info: Model `HTML' substituted by `rgb' on input line 1368.
Package xcolor Info: Model `Hsb' substituted by `hsb' on input line 1369.
Package xcolor Info: Model `tHsb' substituted by `hsb' on input line 1370.
Package xcolor Info: Model `HSB' substituted by `hsb' on input line 1371.
Package xcolor Info: Model `Gray' substituted by `gray' on input line 1372.
Package xcolor Info: Model `wave' substituted by `hsb' on input line 1373.
) (C:\Users\Usuario\AppData\Local\Programs\MiKTeX\tex/generic/babel\babel.sty
Package: babel 2024/01/07 v24.1 The Babel package
\babel@savecnt=\count284
\U@D=\dimen175
\l@unhyphenated=\language79
(C:\Users\Usuario\AppData\Local\Programs\MiKTeX\tex/generic/babel\txtbabel.def)
\bbl@readstream=\read2
\bbl@dirlevel=\count285
*************************************
* Local config file bblopts.cfg used
*
(C:\Users\Usuario\AppData\Local\Programs\MiKTeX\tex/latex/arabi\bblopts.cfg
File: bblopts.cfg 2005/09/08 v0.1 add Arabic and Farsi to "declared" options of
 babel
)
Package babel Info: Main language set with 'main='. Except if you have
(babel)             problems, prefer the default mechanism for setting
(babel)             the main language, ie, as the last declared.
(babel)             Reported on input line 4250.

(C:\Users\Usuario\AppData\Local\Programs\MiKTeX\tex/latex/babel-english\english
.ldf
Language: english 2017/06/06 v3.3r English support from the babel system
Package babel Info: Hyphen rules for 'canadian' set to \l@english
(babel)             (\language0). Reported on input line 102.
Package babel Info: Hyphen rules for 'australian' set to \l@ukenglish
(babel)             (\language73). Reported on input line 105.
Package babel Info: Hyphen rules for 'newzealand' set to \l@ukenglish
(babel)             (\language73). Reported on input line 108.
)
(C:\Users\Usuario\AppData\Local\Programs\MiKTeX\tex/latex/babel-spanish\spanish
.ldf
Language: spanish.ldf 2021/05/27 v5.0q Spanish support from the babel system
\es@quottoks=\toks24
\es@quotdepth=\count286
Package babel Info: Making " an active character on input line 570.
Package babel Info: Making . an active character on input line 675.
Package babel Info: Making < an active character on input line 722.
Package babel Info: Making > an active character on input line 722.
))
(C:\Users\Usuario\AppData\Local\Programs\MiKTeX\tex/generic/babel/locale/es\bab
el-spanish.tex
Package babel Info: Importing font and identification data for spanish
(babel)             from babel-es.ini. Reported on input line 11.
)
(C:\Users\Usuario\AppData\Local\Programs\MiKTeX\tex/generic/babel/locale/en\bab
el-english.tex
Package babel Info: Importing font and identification data for english
(babel)             from babel-en.ini. Reported on input line 11.
)
(C:\Users\Usuario\AppData\Local\Programs\MiKTeX\tex/latex/tools\tabularx.sty
Package: tabularx 2023/07/08 v2.11c `tabularx' package (DPC)

(C:\Users\Usuario\AppData\Local\Programs\MiKTeX\tex/latex/tools\array.sty
Package: array 2023/10/16 v2.5g Tabular extension package (FMi)
\col@sep=\dimen176
\ar@mcellbox=\box55
\extrarowheight=\dimen177
\NC@list=\toks25
\extratabsurround=\skip56
\backup@length=\skip57
\ar@cellbox=\box56
)
\TX@col@width=\dimen178
\TX@old@table=\dimen179
\TX@old@col=\dimen180
\TX@target=\dimen181
\TX@delta=\dimen182
\TX@cols=\count287
\TX@ftn=\toks26
)
(C:\Users\Usuario\AppData\Local\Programs\MiKTeX\tex/latex/l3backend\l3backend-p
dftex.def
File: l3backend-pdftex.def 2024-01-04 L3 backend support: PDF output (pdfTeX)
\l__color_backend_stack_int=\count288
\l__pdf_internal_box=\box57
) (IEEE-conference-template-062824.aux
LaTeX Info: Redefining \. on input line 9.
LaTeX Info: Redefining \% on input line 9.
)
\openout1 = `IEEE-conference-template-062824.aux'.

LaTeX Font Info:    Checking defaults for OML/cmm/m/it on input line 18.
LaTeX Font Info:    ... okay on input line 18.
LaTeX Font Info:    Checking defaults for OMS/cmsy/m/n on input line 18.
LaTeX Font Info:    ... okay on input line 18.
LaTeX Font Info:    Checking defaults for OT1/cmr/m/n on input line 18.
LaTeX Font Info:    ... okay on input line 18.
LaTeX Font Info:    Checking defaults for T1/cmr/m/n on input line 18.
LaTeX Font Info:    ... okay on input line 18.
LaTeX Font Info:    Checking defaults for TS1/cmr/m/n on input line 18.
LaTeX Font Info:    ... okay on input line 18.
LaTeX Font Info:    Checking defaults for OMX/cmex/m/n on input line 18.
LaTeX Font Info:    ... okay on input line 18.
LaTeX Font Info:    Checking defaults for U/cmr/m/n on input line 18.
LaTeX Font Info:    ... okay on input line 18.

-- Lines per column: 56 (exact).

(C:\Users\Usuario\AppData\Local\Programs\MiKTeX\tex/context/base/mkii\supp-pdf.
mkii
[Loading MPS to PDF converter (version 2006.09.02).]
\scratchcounter=\count289
\scratchdimen=\dimen183
\scratchbox=\box58
\nofMPsegments=\count290
\nofMParguments=\count291
\everyMPshowfont=\toks27
\MPscratchCnt=\count292
\MPscratchDim=\dimen184
\MPnumerator=\count293
\makeMPintoPDFobject=\count294
\everyMPtoPDFconversion=\toks28
)
(C:\Users\Usuario\AppData\Local\Programs\MiKTeX\tex/latex/epstopdf-pkg\epstopdf
-base.sty
Package: epstopdf-base 2020-01-24 v2.11 Base part for package epstopdf
Package epstopdf-base Info: Redefining graphics rule for `.eps' on input line 4
85.

(C:\Users\Usuario\AppData\Local\Programs\MiKTeX\tex/latex/00miktex\epstopdf-sys
.cfg
File: epstopdf-sys.cfg 2021/03/18 v2.0 Configuration of epstopdf for MiKTeX
))
LaTeX Info: Redefining \. on input line 18.
LaTeX Info: Redefining \% on input line 18.
LaTeX Font Info:    Trying to load font information for U+msa on input line 46.


(C:\Users\Usuario\AppData\Local\Programs\MiKTeX\tex/latex/amsfonts\umsa.fd
File: umsa.fd 2013/01/14 v3.01 AMS symbols A
)
LaTeX Font Info:    Trying to load font information for U+msb on input line 46.


(C:\Users\Usuario\AppData\Local\Programs\MiKTeX\tex/latex/amsfonts\umsb.fd
File: umsb.fd 2013/01/14 v3.01 AMS symbols B
)
[1{C:/Users/Usuario/AppData/Local/MiKTeX/fonts/map/pdftex/pdftex.map}{C:/Users/
Usuario/AppData/Local/Programs/MiKTeX/fonts/enc/dvips/base/8r.enc}


]
<render3.png, id=10, 587.94656pt x 371.88937pt>
File: render3.png Graphic file (type png)
<use render3.png>
Package pdftex.def Info: render3.png  used on input line 63.
(pdftex.def)             Requested size: 206.39685pt x 130.54909pt.
<render2.png, id=12, 617.30624pt x 398.99063pt>
File: render2.png Graphic file (type png)
<use render2.png>
Package pdftex.def Info: render2.png  used on input line 70.
(pdftex.def)             Requested size: 206.39685pt x 133.40242pt.
<posterior.png, id=13, 650.43pt x 316.93407pt>
File: posterior.png Graphic file (type png)
<use posterior.png>
Package pdftex.def Info: posterior.png  used on input line 76.
(pdftex.def)             Requested size: 206.39685pt x 100.56982pt.


LaTeX Warning: `h' float specifier changed to `ht'.

LaTeX Font Info:    Trying to load font information for TS1+ptm on input line 8
0.
(C:\Users\Usuario\AppData\Local\Programs\MiKTeX\tex/latex/psnfss\ts1ptm.fd
File: ts1ptm.fd 2001/06/04 font definitions for TS1/ptm.
)
<cara1_diagrama_división.png, id=14, 1149.29375pt x 602.25pt>
File: cara1_diagrama_división.png Graphic file (type png)
<use cara1_diagrama_división.png>
Package pdftex.def Info: cara1_diagrama_división.png  used on input line 83.
(pdftex.def)             Requested size: 206.39685pt x 108.15219pt.
<cara 2_división_extracción.png, id=15, 1477.52pt x 767.86874pt>
File: cara 2_división_extracción.png Graphic file (type png)
<use cara 2_división_extracción.png>
Package pdftex.def Info: cara 2_división_extracción.png  used on input line 8
9.
(pdftex.def)             Requested size: 206.39685pt x 107.25484pt.
LaTeX Font Info:    Trying to load font information for OT1+pcr on input line 9
8.

(C:\Users\Usuario\AppData\Local\Programs\MiKTeX\tex/latex/psnfss\ot1pcr.fd
File: ot1pcr.fd 2001/06/04 font definitions for OT1/pcr.
)
[2 <./render3.png> <./render2.png> <./posterior.png> <./cara1_diagrama_divisió
n.png> <./cara 2_división_extracción.png>]
Underfull \hbox (badness 10000) in paragraph at lines 99--101
[]\OT1/ptm/b/n/10 Servidor MO-NAI-La-bel: \OT1/ptm/m/n/10 pri-me-ra-men-te se
 []


Underfull \hbox (badness 10000) in paragraph at lines 99--101
\OT1/ptm/m/n/10 pro-ce-di[]o con la crea-ci[]on y ac-ti-va-ci[]on del
 []


Underfull \hbox (badness 10000) in paragraph at lines 99--101
\OT1/ptm/m/n/10 en-torno vir-tual con: [][]\OT1/pcr/m/n/10 cd D:\Entornos
 []


Underfull \hbox (badness 10000) in paragraph at lines 99--101
[]\OT1/ptm/m/n/10 y [][]\OT1/pcr/m/n/10 python -m venv monai_env[]\OT1/ptm/m/n/
10 , en
 []


Underfull \hbox (badness 10000) in paragraph at lines 99--101
\OT1/ptm/m/n/10 se-gui-da ac-ti-var el en-torno con el co-man-do:
 []


Underfull \hbox (badness 10000) in paragraph at lines 99--101
[][]\OT1/pcr/m/n/10 D:\Entornos\monai_env\Scripts\activate[]\OT1/ptm/m/n/10 ,
 []


Underfull \hbox (badness 10000) in paragraph at lines 99--101
[]\OT1/pcr/m/n/10 "D:\MONAI_STUDIES2" []--conf models all
 []


Underfull \hbox (badness 10000) in paragraph at lines 99--101
[]\OT1/ptm/m/n/10 (http://127.0.0.1:8000) o http://localhost:8000. Se
 []


Underfull \hbox (badness 10000) in paragraph at lines 99--101
\OT1/ptm/m/n/10 carg[]o mo-de-los dis-po-ni-bles: [][]\OT1/pcr/m/n/10 segmentat
ion[]\OT1/ptm/m/n/10 ,
 []


Underfull \hbox (badness 10000) in paragraph at lines 99--101
[][]\OT1/pcr/m/n/10 segmentation_spleen[]\OT1/ptm/m/n/10 , [][]\OT1/pcr/m/n/10 
deepgrow_*[]\OT1/ptm/m/n/10 ,
 []


Underfull \hbox (badness 10000) in paragraph at lines 102--103
[]\OT1/ptm/b/n/10 Control de ver-sio-nes / re-pro-du-ci-bi-li-dad: \OT1/ptm/m/n
/10 los
 []


Underfull \hbox (badness 1478) in paragraph at lines 102--103
\OT1/ptm/m/n/10 scripts de pre-pro-ce-sa-do, in-fe-ren-cia y eva-lua-ci[]on se
 []


Overfull \hbox (11.90002pt too wide) in paragraph at lines 102--103
[][]\OT1/pcr/m/n/10 C:\Users\Usuario\AppData\Local\Temp\...)[]\OT1/ptm/m/n/10 ,

 []

<ejemplo1.png, id=24, 620.3175pt x 373.395pt>
File: ejemplo1.png Graphic file (type png)
<use ejemplo1.png>
Package pdftex.def Info: ejemplo1.png  used on input line 112.
(pdftex.def)             Requested size: 206.39685pt x 124.2349pt.
<ejemplo2.png, id=25, 508.90125pt x 374.90062pt>
File: ejemplo2.png Graphic file (type png)
<use ejemplo2.png>
Package pdftex.def Info: ejemplo2.png  used on input line 118.
(pdftex.def)             Requested size: 206.39685pt x 152.0513pt.
<ejemplo3GT.png, id=26, 1445.4pt x 558.58687pt>
File: ejemplo3GT.png Graphic file (type png)
<use ejemplo3GT.png>
Package pdftex.def Info: ejemplo3GT.png  used on input line 124.
(pdftex.def)             Requested size: 206.39685pt x 79.7614pt.
<GTT.png, id=27, 1606.0pt x 1204.5pt>
File: GTT.png Graphic file (type png)
<use GTT.png>
Package pdftex.def Info: GTT.png  used on input line 133.
(pdftex.def)             Requested size: 206.39685pt x 154.78934pt.

LaTeX Warning: `h' float specifier changed to `ht'.

<Estructura-de-la-U-Net-implementada-por-16-Cada-rectangulo-azul-corresponde-a-
un-mapa.png, id=28, 507.8975pt x 280.04625pt>
File: Estructura-de-la-U-Net-implementada-por-16-Cada-rectangulo-azul-correspon
de-a-un-mapa.png Graphic file (type png)
<use Estructura-de-la-U-Net-implementada-por-16-Cada-rectangulo-azul-correspond
e-a-un-mapa.png>
Package pdftex.def Info: Estructura-de-la-U-Net-implementada-por-16-Cada-rectan
gulo-azul-corresponde-a-un-mapa.png  used on input line 141.
(pdftex.def)             Requested size: 258.0pt x 142.2619pt.

Overfull \hbox (6.0pt too wide) in paragraph at lines 141--142
 [][] 
 []


Underfull \hbox (badness 3098) in paragraph at lines 137--148
[]\OT1/ptm/b/n/10 Modelos y pro-ce-di-mien-to de in-fe-ren-cia:  \OT1/ptm/m/n/1
0 Pa-ra
 []


LaTeX Warning: `h' float specifier changed to `ht'.

[3 <./ejemplo1.png> <./ejemplo2.png> <./ejemplo3GT.png>]
Underfull \hbox (badness 5431) in paragraph at lines 194--195
[]\OT1/ptm/b/n/10 Dice (F1 pa-ra seg-men-ta-ci[]on / co-efi-cien-te de
 []


Underfull \hbox (badness 1817) in paragraph at lines 204--205
[]\OT1/ptm/m/n/10 Para pro-ble-mas mul-ti-cla-se se cal-cul[]o ca-da m[]etri-ca

 []


Underfull \hbox (badness 10000) in paragraph at lines 204--205
\OT1/ptm/m/n/10 por cla-se y lue-go se pro-me-dia-ron (ma-cro y
 []


Underfull \hbox (badness 10000) in paragraph at lines 204--205
\OT1/ptm/m/n/10 weigh-ted) seg[]un con-ven-ci[]on. Las ma-tri-ces de
 []


Underfull \hbox (badness 10000) in paragraph at lines 204--205
\OT1/ptm/m/n/10 con-fu-si[]on se ob-tu-vie-ron aplas-tan-do (flat-ten) los
 []


Underfull \hbox (badness 10000) in paragraph at lines 204--205
\OT1/ptm/m/n/10 vol[]ume-nes [][]\OT1/pcr/m/n/10 gt_flat = gt_img.flatten() []\
OT1/ptm/m/n/10 y
 []


Underfull \hbox (badness 10000) in paragraph at lines 204--205
\OT1/ptm/m/n/10 a [][]\OT1/pcr/m/n/10 confusion_matrix(gt_flat, pred_flat)
 []

[4 <./GTT.png> <./Estructura-de-la-U-Net-implementada-por-16-Cada-rectangulo-az
ul-corresponde-a-un-mapa.png>]
Underfull \hbox (badness 10000) in paragraph at lines 218--219
[]\OT1/ptm/b/n/10 Librer[]^^Pas usa-das: \OT1/ptm/m/n/10 , [][]\OT1/pcr/m/n/10 
numpy[]\OT1/ptm/m/n/10 , [][]\OT1/pcr/m/n/10 scikit-learn
 []


Underfull \hbox (badness 10000) in paragraph at lines 218--219
[]\OT1/ptm/m/n/10 pa-ra fi-gu-ras, [][]\OT1/pcr/m/n/10 MONAILabelLib.client []\
OT1/ptm/m/n/10 pa-ra
 []


Underfull \hbox (badness 10000) in paragraph at lines 227--231
\OT1/ptm/m/n/10 Sli-cer (ejem-plos): [][]\OT1/pcr/m/n/10 Segmentacion_sw_fasted
it[]\OT1/ptm/m/n/10 ,
 []


Underfull \hbox (badness 10000) in paragraph at lines 227--231
[][]\OT1/pcr/m/n/10 Segmentacion_sw_fastedit_sample22[]\OT1/ptm/m/n/10 ,
 []


Overfull \hbox (6.00777pt too wide) in paragraph at lines 240--251
 [][] 
 []

<matrizz.png, id=44, 302.63063pt x 112.92188pt>
File: matrizz.png Graphic file (type png)
<use matrizz.png>
Package pdftex.def Info: matrizz.png  used on input line 292.
(pdftex.def)             Requested size: 258.0pt x 96.27005pt.

Overfull \hbox (6.0pt too wide) in paragraph at lines 292--293
 [][] 
 []


LaTeX Warning: `h' float specifier changed to `ht'.


Underfull \hbox (badness 10000) in paragraph at lines 299--300
[]\OT1/ptm/m/n/10 Fusion axial pa-ra sam-ple22 se guard[]o co-mo:
 []

[5]
<GradCAM_result_overlay_1.png, id=48, 388.45125pt x 100.12407pt>
File: GradCAM_result_overlay_1.png Graphic file (type png)
<use GradCAM_result_overlay_1.png>
Package pdftex.def Info: GradCAM_result_overlay_1.png  used on input line 306.
(pdftex.def)             Requested size: 258.0pt x 66.50069pt.

Overfull \hbox (6.0pt too wide) in paragraph at lines 306--307
 [][] 
 []


Underfull \hbox (badness 10000) in paragraph at lines 303--310
[]\OT1/ptm/m/n/10 Nodo de sa-li-da de seg-men-ta-ci[]on pa-ra sam-ple22:
 []


Underfull \hbox (badness 10000) in paragraph at lines 303--310
[][]\OT1/pcr/m/n/10 Segmentacion_sw_fastedit_sample22 []\OT1/ptm/m/n/10 (vo-lu-
men
 []

<GradCAM_sample22_fusion2.png, id=49, 570.933pt x 467.1051pt>
File: GradCAM_sample22_fusion2.png Graphic file (type png)
<use GradCAM_sample22_fusion2.png>
Package pdftex.def Info: GradCAM_sample22_fusion2.png  used on input line 313.
(pdftex.def)             Requested size: 258.0pt x 211.08627pt.

Overfull \hbox (6.0pt too wide) in paragraph at lines 313--314
 [][] 
 []

<Tesis_Figura4_12_Comparativa_APA7_vertical3.png, id=50, 350.32883pt x 661.2705
pt>
File: Tesis_Figura4_12_Comparativa_APA7_vertical3.png Graphic file (type png)
<use Tesis_Figura4_12_Comparativa_APA7_vertical3.png>
Package pdftex.def Info: Tesis_Figura4_12_Comparativa_APA7_vertical3.png  used 
on input line 320.
(pdftex.def)             Requested size: 258.0pt x 487.01176pt.

Overfull \hbox (6.0pt too wide) in paragraph at lines 320--321
 [][] 
 []


LaTeX Warning: `h' float specifier changed to `ht'.


Underfull \vbox (badness 3758) has occurred while \output is active []

 [6 <./matrizz.png> <./GradCAM_result_overlay_1.png> <./GradCAM_sample22_fusion
2.png> <./Tesis_Figura4_12_Comparativa_APA7_vertical3.png>]
Underfull \hbox (badness 1895) in paragraph at lines 373--374
\OT1/ptm/m/n/8 cess and Tech-no-logy, vol. 7, no. 1, p. 7227, Nov. 2024, doi:
 []

LaTeX Font Info:    Trying to load font information for T1+ptm on input line 37
7.
(C:\Users\Usuario\AppData\Local\Programs\MiKTeX\tex/latex/psnfss\t1ptm.fd
File: t1ptm.fd 2001/06/04 font definitions for T1/ptm.
)

** Conference Paper **
Before submitting the final camera ready copy, remember to:

 1. Manually equalize the lengths of two columns on the last page
 of your paper;

 2. Ensure that any PostScript and/or PDF output post-processing
 uses only Type 1 fonts and that every step in the generation
 process uses the appropriate paper size.

[7

] (IEEE-conference-template-062824.aux
LaTeX Info: Redefining \. on input line 9.
LaTeX Info: Redefining \% on input line 9.
)
 ***********
LaTeX2e <2023-11-01> patch level 1
L3 programming layer <2024-01-04>
 ***********
 ) 
Here is how much of TeX's memory you used:
 6039 strings out of 474486
 99861 string characters out of 5742811
 1951542 words of memory out of 5000000
 28238 multiletter control sequences out of 15000+600000
 601269 words of font info for 119 fonts, out of 8000000 for 9000
 1141 hyphenation exceptions out of 8191
 57i,11n,65p,2095b,365s stack positions out of 10000i,1000n,20000p,200000b,200000s
<C:/Users/Usuario/AppData/Local/Programs/MiKTeX/fonts/type1/public/amsfonts/c
m/cmmi10.pfb><C:/Users/Usuario/AppData/Local/Programs/MiKTeX/fonts/type1/public
/amsfonts/cm/cmmi7.pfb><C:/Users/Usuario/AppData/Local/Programs/MiKTeX/fonts/ty
pe1/public/amsfonts/cm/cmr10.pfb><C:/Users/Usuario/AppData/Local/Programs/MiKTe
X/fonts/type1/public/amsfonts/cm/cmsy10.pfb><C:/Users/Usuario/AppData/Local/Pro
grams/MiKTeX/fonts/type1/public/amsfonts/cm/cmsy5.pfb><C:/Users/Usuario/AppData
/Local/Programs/MiKTeX/fonts/type1/urw/courier/ucrr8a.pfb><C:/Users/Usuario/App
Data/Local/Programs/MiKTeX/fonts/type1/urw/times/utmb8a.pfb><C:/Users/Usuario/A
ppData/Local/Programs/MiKTeX/fonts/type1/urw/times/utmbi8a.pfb><C:/Users/Usuari
o/AppData/Local/Programs/MiKTeX/fonts/type1/urw/times/utmr8a.pfb><C:/Users/Usua
rio/AppData/Local/Programs/MiKTeX/fonts/type1/urw/times/utmri8a.pfb>
Output written on IEEE-conference-template-062824.pdf (7 pages, 8769733 bytes).

PDF statistics:
 105 PDF objects out of 1000 (max. 8388607)
 0 named destinations out of 1000 (max. 500000)
 71 words of extra memory for PDF output out of 10000 (max. 10000000)

