[DEBUG][Qt] 16.10.2025 10:01:34 [] (unknown:0) - Session start time .......: 20251016_100134
[DEBUG][Qt] 16.10.2025 10:01:34 [] (unknown:0) - Slicer version ...........: 5.8.1 (revision 33241 / 11eaf62) win-amd64 - installed release
[DEBUG][Qt] 16.10.2025 10:01:34 [] (unknown:0) - Operating system .........: Windows /  Personal / (Build 26100, Code Page 65001) - 64-bit
[DEBUG][Qt] 16.10.2025 10:01:34 [] (unknown:0) - Memory ...................: 16165 MB physical, 19109 MB virtual
[DEBUG][Qt] 16.10.2025 10:01:34 [] (unknown:0) - CPU ......................: GenuineIntel , 8 cores, 8 logical processors
[DEBUG][Qt] 16.10.2025 10:01:34 [] (unknown:0) - VTK configuration ........: OpenGL2 rendering, TBB threading
[DEBUG][Qt] 16.10.2025 10:01:34 [] (unknown:0) - Qt configuration .........: version 5.15.2, with SSL, requested OpenGL 3.2 (compatibility profile)
[DEBUG][Qt] 16.10.2025 10:01:34 [] (unknown:0) - DCMTK configuration ......: version 3.6.8, no SSL
[DEBUG][Qt] 16.10.2025 10:01:34 [] (unknown:0) - Internationalization .....: disabled, language=
[DEBUG][Qt] 16.10.2025 10:01:34 [] (unknown:0) - Developer mode ...........: disabled
[DEBUG][Qt] 16.10.2025 10:01:34 [] (unknown:0) - Application path .........: C:/Users/Usuario/AppData/Local/slicer.org/Slicer 5.8.1/bin
[DEBUG][Qt] 16.10.2025 10:01:34 [] (unknown:0) - Additional module paths ..: slicer.org/Extensions-33241/Breast_DCEMRI_FTV/lib/Slicer-5.8/qt-scripted-modules, slicer.org/Extensions-33241/MONAIAuto3DSeg/lib/Slicer-5.8/qt-scripted-modules, slicer.org/Extensions-33241/PyTorch/lib/Slicer-5.8/qt-scripted-modules, slicer.org/Extensions-33241/Sandbox/lib/Slicer-5.8/qt-loadable-modules, slicer.org/Extensions-33241/Sandbox/lib/Slicer-5.8/qt-scripted-modules, slicer.org/Extensions-33241/MONAILabel/lib/Slicer-5.8/qt-scripted-modules
[CRITICAL][Stream] 16.10.2025 10:01:35 [] (unknown:0) - C:\Users\Usuario\AppData\Local\slicer.org\Slicer 5.8.1\lib\Python\Lib\site-packages\dicom\__init__.py:53: UserWarning:
[CRITICAL][Stream] 16.10.2025 10:01:35 [] (unknown:0) - This code is using an older version of pydicom, which is no longer
[CRITICAL][Stream] 16.10.2025 10:01:35 [] (unknown:0) - maintained as of Jan 2017.  You can access the new pydicom features and API
[CRITICAL][Stream] 16.10.2025 10:01:35 [] (unknown:0) - by installing `pydicom` from PyPI.
[CRITICAL][Stream] 16.10.2025 10:01:35 [] (unknown:0) - See 'Transitioning to pydicom 1.x' section at pydicom.readthedocs.org
[CRITICAL][Stream] 16.10.2025 10:01:35 [] (unknown:0) - for more information.
[CRITICAL][Stream] 16.10.2025 10:01:35 [] (unknown:0) -
[CRITICAL][Stream] 16.10.2025 10:01:35 [] (unknown:0) -   warnings.warn(msg)
[DEBUG][Python] 16.10.2025 10:01:35 [Python] (C:\Users\Usuario\AppData\Local\slicer.org\Slicer 5.8.1\lib\Python\Lib\site-packages\matplotlib\__init__.py:341) - matplotlib data path: C:\Users\Usuario\AppData\Local\slicer.org\Slicer 5.8.1\lib\Python\Lib\site-packages\matplotlib\mpl-data
[DEBUG][Python] 16.10.2025 10:01:35 [Python] (C:\Users\Usuario\AppData\Local\slicer.org\Slicer 5.8.1\lib\Python\Lib\site-packages\matplotlib\__init__.py:341) - CONFIGDIR=C:\Users\Usuario\.matplotlib
[DEBUG][Python] 16.10.2025 10:01:35 [Python] (C:\Users\Usuario\AppData\Local\slicer.org\Slicer 5.8.1\lib\Python\Lib\site-packages\matplotlib\__init__.py:1512) - interactive is False
[DEBUG][Python] 16.10.2025 10:01:35 [Python] (C:\Users\Usuario\AppData\Local\slicer.org\Slicer 5.8.1\lib\Python\Lib\site-packages\matplotlib\__init__.py:1513) - platform is win32
[DEBUG][Python] 16.10.2025 10:01:36 [Python] (C:\Users\Usuario\AppData\Local\slicer.org\Slicer 5.8.1\lib\Python\Lib\site-packages\matplotlib\__init__.py:341) - CACHEDIR=C:\Users\Usuario\.matplotlib
[DEBUG][Python] 16.10.2025 10:01:36 [Python] (C:\Users\Usuario\AppData\Local\slicer.org\Slicer 5.8.1\lib\Python\Lib\site-packages\matplotlib\font_manager.py:1580) - Using fontManager instance from C:\Users\Usuario\.matplotlib\fontlist-v390.json
[DEBUG][Python] 16.10.2025 10:01:37 [Python] (C:\Users\Usuario\AppData\Local\slicer.org\Slicer 5.8.1\lib\Slicer-5.8\qt-scripted-modules\SubjectHierarchyPlugins\AbstractScriptedSubjectHierarchyPlugin.py:40) - Scripted subject hierarchy plugin registered: SegmentEditor
[DEBUG][Python] 16.10.2025 10:01:37 [Python] (C:\Users\Usuario\AppData\Local\slicer.org\Slicer 5.8.1\lib\Slicer-5.8\qt-scripted-modules\SubjectHierarchyPlugins\AbstractScriptedSubjectHierarchyPlugin.py:40) - Scripted subject hierarchy plugin registered: SegmentStatistics
[DEBUG][Qt] 16.10.2025 10:01:38 [] (unknown:0) - Switch to module:  "Welcome"
[DEBUG][Qt] 16.10.2025 10:02:13 [] (unknown:0) - Switch to module:  "MONAILabel"
[INFO][Python] 16.10.2025 10:02:13 [Python] (C:/Users/Usuario/AppData/Local/slicer.org/Slicer 5.8.1/slicer.org/Extensions-33241/MONAILabel/lib/Slicer-5.8/qt-scripted-modules/MONAILabel.py:1015) - Options Section Selection Changed.... current:0; prev: 0
[INFO][Python] 16.10.2025 10:02:13 [Python] (C:/Users/Usuario/AppData/Local/slicer.org/Slicer 5.8.1/slicer.org/Extensions-33241/MONAILabel/lib/Slicer-5.8/qt-scripted-modules/MONAILabel.py:776) - Current Selection Options Section: infer
[INFO][Python] 16.10.2025 10:02:13 [Python] (C:/Users/Usuario/AppData/Local/slicer.org/Slicer 5.8.1/slicer.org/Extensions-33241/MONAILabel/lib/Slicer-5.8/qt-scripted-modules/MONAILabel.py:786) - Current Selection Options Name:
[INFO][Python] 16.10.2025 10:02:13 [Python] (C:/Users/Usuario/AppData/Local/slicer.org/Slicer 5.8.1/slicer.org/Extensions-33241/MONAILabel/lib/Slicer-5.8/qt-scripted-modules/MONAILabel.py:826) - updateConfigTable => refresh:True
[INFO][Python] 16.10.2025 10:02:13 [Python] (C:/Users/Usuario/AppData/Local/slicer.org/Slicer 5.8.1/slicer.org/Extensions-33241/MONAILabel/lib/Slicer-5.8/qt-scripted-modules/MONAILabel.py:776) - Current Selection Options Section: infer
[INFO][Python] 16.10.2025 10:02:13 [Python] (C:/Users/Usuario/AppData/Local/slicer.org/Slicer 5.8.1/slicer.org/Extensions-33241/MONAILabel/lib/Slicer-5.8/qt-scripted-modules/MONAILabel.py:786) - Current Selection Options Name:
[DEBUG][Python] 16.10.2025 10:02:15 [Python] (C:\Users\Usuario\AppData\Local\slicer.org\Slicer 5.8.1\slicer.org\Extensions-33241\MONAILabel\lib\Slicer-5.8\qt-scripted-modules\MONAILabelLib\client.py:496) - GET http://localhost:8000/auth/
[DEBUG][Python] 16.10.2025 10:02:15 [Python] (C:\Users\Usuario\AppData\Local\slicer.org\Slicer 5.8.1\slicer.org\Extensions-33241\MONAILabel\lib\Slicer-5.8\qt-scripted-modules\MONAILabelLib\client.py:501) - URI Path: /auth/
[DEBUG][Python] 16.10.2025 10:02:17 [Python] (C:\Users\Usuario\AppData\Local\slicer.org\Slicer 5.8.1\slicer.org\Extensions-33241\MONAILabel\lib\Slicer-5.8\qt-scripted-modules\MONAILabelLib\client.py:566) - HTTP Response Code: 404
[DEBUG][Python] 16.10.2025 10:02:17 [Python] (C:\Users\Usuario\AppData\Local\slicer.org\Slicer 5.8.1\slicer.org\Extensions-33241\MONAILabel\lib\Slicer-5.8\qt-scripted-modules\MONAILabelLib\client.py:567) - HTTP Response Message: Not Found
[DEBUG][Python] 16.10.2025 10:02:17 [Python] (C:\Users\Usuario\AppData\Local\slicer.org\Slicer 5.8.1\slicer.org\Extensions-33241\MONAILabel\lib\Slicer-5.8\qt-scripted-modules\MONAILabelLib\client.py:568) - HTTP Response Headers: [('date', 'Thu, 16 Oct 2025 14:02:17 GMT'), ('server', 'uvicorn'), ('content-length', '22'), ('content-type', 'application/json')]
[DEBUG][Python] 16.10.2025 10:02:17 [Python] (C:\Users\Usuario\AppData\Local\slicer.org\Slicer 5.8.1\slicer.org\Extensions-33241\MONAILabel\lib\Slicer-5.8\qt-scripted-modules\MONAILabelLib\client.py:571) - HTTP Response Content-Type: application/json
[DEBUG][Python] 16.10.2025 10:02:17 [Python] (C:\Users\Usuario\AppData\Local\slicer.org\Slicer 5.8.1\slicer.org\Extensions-33241\MONAILabel\lib\Slicer-5.8\qt-scripted-modules\MONAILabelLib\client.py:582) - Reading status/content from simple response!
[DEBUG][Python] 16.10.2025 10:02:17 [Python] (C:\Users\Usuario\AppData\Local\slicer.org\Slicer 5.8.1\slicer.org\Extensions-33241\MONAILabel\lib\Slicer-5.8\qt-scripted-modules\MONAILabelLib\client.py:496) - GET http://localhost:8000/info/
[DEBUG][Python] 16.10.2025 10:02:17 [Python] (C:\Users\Usuario\AppData\Local\slicer.org\Slicer 5.8.1\slicer.org\Extensions-33241\MONAILabel\lib\Slicer-5.8\qt-scripted-modules\MONAILabelLib\client.py:501) - URI Path: /info/
[DEBUG][Python] 16.10.2025 10:02:19 [Python] (C:\Users\Usuario\AppData\Local\slicer.org\Slicer 5.8.1\slicer.org\Extensions-33241\MONAILabel\lib\Slicer-5.8\qt-scripted-modules\MONAILabelLib\client.py:566) - HTTP Response Code: 200
[DEBUG][Python] 16.10.2025 10:02:19 [Python] (C:\Users\Usuario\AppData\Local\slicer.org\Slicer 5.8.1\slicer.org\Extensions-33241\MONAILabel\lib\Slicer-5.8\qt-scripted-modules\MONAILabelLib\client.py:567) - HTTP Response Message: OK
[DEBUG][Python] 16.10.2025 10:02:19 [Python] (C:\Users\Usuario\AppData\Local\slicer.org\Slicer 5.8.1\slicer.org\Extensions-33241\MONAILabel\lib\Slicer-5.8\qt-scripted-modules\MONAILabelLib\client.py:568) - HTTP Response Headers: [('date', 'Thu, 16 Oct 2025 14:02:19 GMT'), ('server', 'uvicorn'), ('content-length', '10219'), ('content-type', 'application/json')]
[DEBUG][Python] 16.10.2025 10:02:19 [Python] (C:\Users\Usuario\AppData\Local\slicer.org\Slicer 5.8.1\slicer.org\Extensions-33241\MONAILabel\lib\Slicer-5.8\qt-scripted-modules\MONAILabelLib\client.py:571) - HTTP Response Content-Type: application/json
[DEBUG][Python] 16.10.2025 10:02:19 [Python] (C:\Users\Usuario\AppData\Local\slicer.org\Slicer 5.8.1\slicer.org\Extensions-33241\MONAILabel\lib\Slicer-5.8\qt-scripted-modules\MONAILabelLib\client.py:582) - Reading status/content from simple response!
[DEBUG][Python] 16.10.2025 10:02:19 [Python] (C:\Users\Usuario\AppData\Local\slicer.org\Slicer 5.8.1\slicer.org\Extensions-33241\MONAILabel\lib\Slicer-5.8\qt-scripted-modules\MONAILabelLib\client.py:132) - Response: {"name":"MONAILabel - Radiology (0.8.4)","description":"Deep Learning models for radiology (no SAM2)","version":"0.8.4","labels":["spleen","right kidney","left kidney","liver","stomach","aorta","inferior vena cava","C1","C2","C3","C4","C5","C6","C7","Th1","Th2","Th3","Th4","Th5","Th6","Th7","Th8","Th9","Th10","Th11","Th12","L1","L2","L3","L4","L5","kidney_right","kidney_left","gallbladder","inferior_vena_cava","portal_vein_and_splenic_vein","pancreas","adrenal_gland_right","adrenal_gland_left","lung_upper_lobe_left","lung_lower_lobe_left","lung_upper_lobe_right","lung_middle_lobe_right","lung_lower_lobe_right","esophagus","trachea","heart_myocardium","heart_atrium_left","heart_ventricle_left","heart_atrium_right","heart_ventricle_right","pulmonary_artery","tumor","background"],"models":{"deepgrow_2d":{"type":"deepgrow","labels":["spleen","right kidney","left kidney","liver","stomach","aorta","inferior vena cava"],"dimension":2,"description":"A pre-trained DeepGrow model based on UNET","config":{"cache_transforms":true,"cache_transforms_in_memory":true,"cache_transforms_ttl":300,"device":["NVIDIA GeForce MX250"]}},"deepgrow_3d":{"type":"deepgrow","labels":["spleen","right kidney","left kidney","liver","stomach","aorta","inferior vena cava"],"dimension":3,"description":"A pre-trained DeepGrow model based on UNET","config":{"cache_transforms":true,"cache_transforms_in_memory":true,"cache_transforms_ttl":300,"device":["NVIDIA GeForce MX250"]}},"localization_spine":{"type":"segmentation","labels":{"C1":1,"C2":2,"C3":3,"C4":4,"C5":5,"C6":6,"C7":7,"Th1":8,"Th2":9,"Th3":10,"Th4":11,"Th5":12,"Th6":13,"Th7":14,"Th8":15,"Th9":16,"Th10":17,"Th11":18,"Th12":19,"L1":20,"L2":21,"L3":22,"L4":23,"L5":24},"dimension":3,"description":"A pre-trained model for volumetric (3D) spine localization from CT image","config":{"device":["NVIDIA GeForce MX250"]}},"localization_vertebra":{"type":"segmentation","labels":{"C1":1,"C2":2,"C3":3,"C4":4,"C5":5,"C6":6,"C7":7,"Th1":8,"Th2":9,"Th3":10,"Th4":11,"Th5":12,"Th6":13,"Th7":14,"Th8":15,"Th9":16,"Th10":17,"Th11":18,"Th12":19,"L1":20,"L2":21,"L3":22,"L4":23,"L5":24},"dimension":3,"description":"A pre-trained model for volumetric (3D) vertebra localization from CT image","config":{"device":["NVIDIA GeForce MX250"]}},"segmentation":{"type":"segmentation","labels":{"spleen":1,"kidney_right":2,"kidney_left":3,"gallbladder":4,"liver":5,"stomach":6,"aorta":7,"inferior_vena_cava":8,"portal_vein_and_splenic_vein":9,"pancreas":10,"adrenal_gland_right":11,"adrenal_gland_left":12,"lung_upper_lobe_left":13,"lung_lower_lobe_left":14,"lung_upper_lobe_right":15,"lung_middle_lobe_right":16,"lung_lower_lobe_right":17,"esophagus":42,"trachea":43,"heart_myocardium":44,"heart_atrium_left":45,"heart_ventricle_left":46,"heart_atrium_right":47,"heart_ventricle_right":48,"pulmonary_artery":49},"dimension":3,"description":"A pre-trained model for volumetric (3D) Segmentation from CT image","config":{"largest_cc":false,"device":["NVIDIA GeForce MX250"]}},"segmentation_spleen":{"type":"segmentation","labels":{"spleen":1},"dimension":3,"description":"A pre-trained model for volumetric (3D) segmentation of the spleen from CT image","config":{"device":["NVIDIA GeForce MX250"]}},"segmentation_vertebra":{"type":"deepgrow","labels":{"C1":1,"C2":2,"C3":3,"C4":4,"C5":5,"C6":6,"C7":7,"Th1":8,"Th2":9,"Th3":10,"Th4":11,"Th5":12,"Th6":13,"Th7":14,"Th8":15,"Th9":16,"Th10":17,"Th11":18,"Th12":19,"L1":20,"L2":21,"L3":22,"L4":23,"L5":24},"dimension":3,"description":"A pre-trained model for volumetric (3D) vertebra segmentation from CT image","config":{"device":["NVIDIA GeForce MX250"]}},"sw_fastedit":{"type":"deepedit","labels":["tumor","background"],"dimension":3,"description":"","config":{"cache_transforms":true,"cache_transforms_in_memory":true,"cache_transforms_ttl":1200,"device":["NVIDIA GeForce MX250"]}},"Histogram+GraphCut":{"type":"scribbles","labels":["spleen","right kidney","left kidney","liver","stomach","aorta","inferior vena cava"],"dimension":3,"description":"A post processing step with histogram-based GraphCut for Generic segmentation","config":{"num_bins":64,"lamda":1.0,"sigma":0.1,"device":["NVIDIA GeForce MX250"]}},"GMM+GraphCut":{"type":"scribbles","labels":["spleen","right kidney","left kidney","liver","stomach","aorta","inferior vena cava"],"dimension":3,"description":"A post processing step with GMM-based GraphCut for Generic segmentation","config":{"num_mixtures":20,"lamda":5.0,"sigma":0.5,"device":["NVIDIA GeForce MX250"]}},"deepgrow_pipeline":{"type":"deepgrow","labels":[],"dimension":3,"description":"Combines Deepgrow 2D and 3D models","config":{"cache_transforms":true,"cache_transforms_in_memory":true,"cache_transforms_ttl":300,"device":["NVIDIA GeForce MX250"]}},"vertebra_pipeline":{"type":"segmentation","labels":{"C1":1,"C2":2,"C3":3,"C4":4,"C5":5,"C6":6,"C7":7,"Th1":8,"Th2":9,"Th3":10,"Th4":11,"Th5":12,"Th6":13,"Th7":14,"Th8":15,"Th9":16,"Th10":17,"Th11":18,"Th12":19,"L1":20,"L2":21,"L3":22,"L4":23,"L5":24},"dimension":3,"description":"Three-stage vertebra segmentation pipeline","config":{"device":["NVIDIA GeForce MX250"]}}},"trainers":{"deepgrow_2d":{"description":"Train 2D Deepgrow model","config":{"name":"train_01","pretrained":true,"device":["NVIDIA GeForce MX250"],"max_epochs":10,"early_stop_patience":-1,"val_split":0.2,"train_batch_size":16,"val_batch_size":16,"multi_gpu":true,"gpus":"all","dataset":["SmartCacheDataset","CacheDataset","PersistentDataset","Dataset"],"dataloader":["ThreadDataLoader","DataLoader"],"tracking":["mlflow","None"],"tracking_uri":"","tracking_experiment_name":""},"labels":["spleen","right kidney","left kidney","liver","stomach","aorta","inferior vena cava"]},"deepgrow_3d":{"description":"Train 3D Deepgrow model","config":{"name":"train_01","pretrained":true,"device":["NVIDIA GeForce MX250"],"max_epochs":50,"early_stop_patience":-1,"val_split":0.2,"train_batch_size":1,"val_batch_size":1,"multi_gpu":true,"gpus":"all","dataset":["SmartCacheDataset","CacheDataset","PersistentDataset","Dataset"],"dataloader":["ThreadDataLoader","DataLoader"],"tracking":["mlflow","None"],"tracking_uri":"","tracking_experiment_name":""},"labels":["spleen","right kidney","left kidney","liver","stomach","aorta","inferior vena cava"]},"localization_spine":{"description":"Train spine localization Model","config":{"name":"train_01","pretrained":true,"device":["NVIDIA GeForce MX250"],"max_epochs":50,"early_stop_patience":-1,"val_split":0.2,"train_batch_size":1,"val_batch_size":1,"multi_gpu":true,"gpus":"all","dataset":["SmartCacheDataset","CacheDataset","PersistentDataset","Dataset"],"dataloader":["ThreadDataLoader","DataLoader"],"tracking":["mlflow","None"],"tracking_uri":"","tracking_experiment_name":""},"labels":{"C1":1,"C2":2,"C3":3,"C4":4,"C5":5,"C6":6,"C7":7,"Th1":8,"Th2":9,"Th3":10,"Th4":11,"Th5":12,"Th6":13,"Th7":14,"Th8":15,"Th9":16,"Th10":17,"Th11":18,"Th12":19,"L1":20,"L2":21,"L3":22,"L4":23,"L5":24}},"localization_vertebra":{"description":"Train vertebra localization Model","config":{"name":"train_01","pretrained":true,"device":["NVIDIA GeForce MX250"],"max_epochs":50,"early_stop_patience":-1,"val_split":0.2,"train_batch_size":1,"val_batch_size":1,"multi_gpu":true,"gpus":"all","dataset":["SmartCacheDataset","CacheDataset","PersistentDataset","Dataset"],"dataloader":["ThreadDataLoader","DataLoader"],"tracking":["mlflow","None"],"tracking_uri":"","tracking_experiment_name":""},"labels":{"C1":1,"C2":2,"C3":3,"C4":4,"C5":5,"C6":6,"C7":7,"Th1":8,"Th2":9,"Th3":10,"Th4":11,"Th5":12,"Th6":13,"Th7":14,"Th8":15,"Th9":16,"Th10":17,"Th11":18,"Th12":19,"L1":20,"L2":21,"L3":22,"L4":23,"L5":24}},"segmentation":{"description":"Train Segmentation Model","config":{"name":"train_01","pretrained":true,"device":["NVIDIA GeForce MX250"],"max_epochs":50,"early_stop_patience":-1,"val_split":0.2,"train_batch_size":1,"val_batch_size":1,"multi_gpu":true,"gpus":"all","dataset":["SmartCacheDataset","CacheDataset","PersistentDataset","Dataset"],"dataloader":["ThreadDataLoader","DataLoader"],"tracking":["mlflow","None"],"tracking_uri":"","tracking_experiment_name":""},"labels":{"spleen":1,"kidney_right":2,"kidney_left":3,"gallbladder":4,"liver":5,"stomach":6,"aorta":7,"inferior_vena_cava":8,"portal_vein_and_splenic_vein":9,"pancreas":10,"adrenal_gland_right":11,"adrenal_gland_left":12,"lung_upper_lobe_left":13,"lung_lower_lobe_left":14,"lung_upper_lobe_right":15,"lung_middle_lobe_right":16,"lung_lower_lobe_right":17,"esophagus":42,"trachea":43,"heart_myocardium":44,"heart_atrium_left":45,"heart_ventricle_left":46,"heart_atrium_right":47,"heart_ventricle_right":48,"pulmonary_artery":49}},"segmentation_spleen":{"description":"Train Spleen Segmentation Model","config":{"name":"train_01","pretrained":true,"device":["NVIDIA GeForce MX250"],"max_epochs":50,"early_stop_patience":-1,"val_split":0.2,"train_batch_size":1,"val_batch_size":1,"multi_gpu":true,"gpus":"all","dataset":["SmartCacheDataset","CacheDataset","PersistentDataset","Dataset"],"dataloader":["ThreadDataLoader","DataLoader"],"tracking":["mlflow","None"],"tracking_uri":"","tracking_experiment_name":""},"labels":{"spleen":1}},"segmentation_vertebra":{"description":"Train vertebra segmentation Model","config":{"name":"train_01","pretrained":true,"device":["NVIDIA GeForce MX250"],"max_epochs":50,"early_stop_patience":-1,"val_split":0.2,"train_batch_size":1,"val_batch_size":1,"multi_gpu":true,"gpus":"all","dataset":["SmartCacheDataset","CacheDataset","PersistentDataset","Dataset"],"dataloader":["ThreadDataLoader","DataLoader"],"tracking":["mlflow","None"],"tracking_uri":"","tracking_experiment_name":""},"labels":{"C1":1,"C2":2,"C3":3,"C4":4,"C5":5,"C6":6,"C7":7,"Th1":8,"Th2":9,"Th3":10,"Th4":11,"Th5":12,"Th6":13,"Th7":14,"Th8":15,"Th9":16,"Th10":17,"Th11":18,"Th12":19,"L1":20,"L2":21,"L3":22,"L4":23,"L5":24}}},"strategies":{"random":{"description":"Random Strategy"},"first":{"description":"Get First Sample"},"last":{"description":"Get Last Sample"}},"scoring":{},"train_stats":{"deepgrow_2d":{},"deepgrow_3d":{},"localization_spine":{},"localization_vertebra":{},"segmentation":{},"segmentation_spleen":{},"segmentation_vertebra":{}},"datastore":{"total":40,"completed":0,"label_tags":{}}}
[DEBUG][Python] 16.10.2025 10:02:19 [Python] (C:/Users/Usuario/AppData/Local/slicer.org/Slicer 5.8.1/slicer.org/Extensions-33241/MONAILabel/lib/Slicer-5.8/qt-scripted-modules/MONAILabel.py:1133) - deepgrow_2d = deepgrow
[DEBUG][Python] 16.10.2025 10:02:19 [Python] (C:/Users/Usuario/AppData/Local/slicer.org/Slicer 5.8.1/slicer.org/Extensions-33241/MONAILabel/lib/Slicer-5.8/qt-scripted-modules/MONAILabel.py:1133) - deepgrow_3d = deepgrow
[DEBUG][Python] 16.10.2025 10:02:19 [Python] (C:/Users/Usuario/AppData/Local/slicer.org/Slicer 5.8.1/slicer.org/Extensions-33241/MONAILabel/lib/Slicer-5.8/qt-scripted-modules/MONAILabel.py:1133) - localization_spine = segmentation
[DEBUG][Python] 16.10.2025 10:02:19 [Python] (C:/Users/Usuario/AppData/Local/slicer.org/Slicer 5.8.1/slicer.org/Extensions-33241/MONAILabel/lib/Slicer-5.8/qt-scripted-modules/MONAILabel.py:1133) - localization_vertebra = segmentation
[DEBUG][Python] 16.10.2025 10:02:19 [Python] (C:/Users/Usuario/AppData/Local/slicer.org/Slicer 5.8.1/slicer.org/Extensions-33241/MONAILabel/lib/Slicer-5.8/qt-scripted-modules/MONAILabel.py:1133) - segmentation = segmentation
[DEBUG][Python] 16.10.2025 10:02:19 [Python] (C:/Users/Usuario/AppData/Local/slicer.org/Slicer 5.8.1/slicer.org/Extensions-33241/MONAILabel/lib/Slicer-5.8/qt-scripted-modules/MONAILabel.py:1133) - segmentation_spleen = segmentation
[DEBUG][Python] 16.10.2025 10:02:19 [Python] (C:/Users/Usuario/AppData/Local/slicer.org/Slicer 5.8.1/slicer.org/Extensions-33241/MONAILabel/lib/Slicer-5.8/qt-scripted-modules/MONAILabel.py:1133) - segmentation_vertebra = deepgrow
[DEBUG][Python] 16.10.2025 10:02:19 [Python] (C:/Users/Usuario/AppData/Local/slicer.org/Slicer 5.8.1/slicer.org/Extensions-33241/MONAILabel/lib/Slicer-5.8/qt-scripted-modules/MONAILabel.py:1133) - sw_fastedit = deepedit
[DEBUG][Python] 16.10.2025 10:02:19 [Python] (C:/Users/Usuario/AppData/Local/slicer.org/Slicer 5.8.1/slicer.org/Extensions-33241/MONAILabel/lib/Slicer-5.8/qt-scripted-modules/MONAILabel.py:1133) - Histogram+GraphCut = scribbles
[DEBUG][Python] 16.10.2025 10:02:19 [Python] (C:/Users/Usuario/AppData/Local/slicer.org/Slicer 5.8.1/slicer.org/Extensions-33241/MONAILabel/lib/Slicer-5.8/qt-scripted-modules/MONAILabel.py:1133) - GMM+GraphCut = scribbles
[DEBUG][Python] 16.10.2025 10:02:19 [Python] (C:/Users/Usuario/AppData/Local/slicer.org/Slicer 5.8.1/slicer.org/Extensions-33241/MONAILabel/lib/Slicer-5.8/qt-scripted-modules/MONAILabel.py:1133) - deepgrow_pipeline = deepgrow
[DEBUG][Python] 16.10.2025 10:02:19 [Python] (C:/Users/Usuario/AppData/Local/slicer.org/Slicer 5.8.1/slicer.org/Extensions-33241/MONAILabel/lib/Slicer-5.8/qt-scripted-modules/MONAILabel.py:1133) - vertebra_pipeline = segmentation
[DEBUG][Python] 16.10.2025 10:02:19 [Python] (C:\Users\Usuario\AppData\Local\slicer.org\Slicer 5.8.1\slicer.org\Extensions-33241\MONAILabel\lib\Slicer-5.8\qt-scripted-modules\MONAILabelLib\client.py:496) - GET http://localhost:8000/auth/
[DEBUG][Python] 16.10.2025 10:02:19 [Python] (C:\Users\Usuario\AppData\Local\slicer.org\Slicer 5.8.1\slicer.org\Extensions-33241\MONAILabel\lib\Slicer-5.8\qt-scripted-modules\MONAILabelLib\client.py:501) - URI Path: /auth/
[DEBUG][Python] 16.10.2025 10:02:21 [Python] (C:\Users\Usuario\AppData\Local\slicer.org\Slicer 5.8.1\slicer.org\Extensions-33241\MONAILabel\lib\Slicer-5.8\qt-scripted-modules\MONAILabelLib\client.py:566) - HTTP Response Code: 404
[DEBUG][Python] 16.10.2025 10:02:21 [Python] (C:\Users\Usuario\AppData\Local\slicer.org\Slicer 5.8.1\slicer.org\Extensions-33241\MONAILabel\lib\Slicer-5.8\qt-scripted-modules\MONAILabelLib\client.py:567) - HTTP Response Message: Not Found
[DEBUG][Python] 16.10.2025 10:02:21 [Python] (C:\Users\Usuario\AppData\Local\slicer.org\Slicer 5.8.1\slicer.org\Extensions-33241\MONAILabel\lib\Slicer-5.8\qt-scripted-modules\MONAILabelLib\client.py:568) - HTTP Response Headers: [('date', 'Thu, 16 Oct 2025 14:02:20 GMT'), ('server', 'uvicorn'), ('content-length', '22'), ('content-type', 'application/json')]
[DEBUG][Python] 16.10.2025 10:02:21 [Python] (C:\Users\Usuario\AppData\Local\slicer.org\Slicer 5.8.1\slicer.org\Extensions-33241\MONAILabel\lib\Slicer-5.8\qt-scripted-modules\MONAILabelLib\client.py:571) - HTTP Response Content-Type: application/json
[DEBUG][Python] 16.10.2025 10:02:21 [Python] (C:\Users\Usuario\AppData\Local\slicer.org\Slicer 5.8.1\slicer.org\Extensions-33241\MONAILabel\lib\Slicer-5.8\qt-scripted-modules\MONAILabelLib\client.py:582) - Reading status/content from simple response!
[DEBUG][Python] 16.10.2025 10:02:21 [Python] (C:\Users\Usuario\AppData\Local\slicer.org\Slicer 5.8.1\slicer.org\Extensions-33241\MONAILabel\lib\Slicer-5.8\qt-scripted-modules\MONAILabelLib\client.py:496) - GET http://localhost:8000/train/?check_if_running=true
[DEBUG][Python] 16.10.2025 10:02:21 [Python] (C:\Users\Usuario\AppData\Local\slicer.org\Slicer 5.8.1\slicer.org\Extensions-33241\MONAILabel\lib\Slicer-5.8\qt-scripted-modules\MONAILabelLib\client.py:501) - URI Path: /train/?check_if_running=true
[DEBUG][Python] 16.10.2025 10:02:23 [Python] (C:\Users\Usuario\AppData\Local\slicer.org\Slicer 5.8.1\slicer.org\Extensions-33241\MONAILabel\lib\Slicer-5.8\qt-scripted-modules\MONAILabelLib\client.py:566) - HTTP Response Code: 404
[DEBUG][Python] 16.10.2025 10:02:23 [Python] (C:\Users\Usuario\AppData\Local\slicer.org\Slicer 5.8.1\slicer.org\Extensions-33241\MONAILabel\lib\Slicer-5.8\qt-scripted-modules\MONAILabelLib\client.py:567) - HTTP Response Message: Not Found
[DEBUG][Python] 16.10.2025 10:02:23 [Python] (C:\Users\Usuario\AppData\Local\slicer.org\Slicer 5.8.1\slicer.org\Extensions-33241\MONAILabel\lib\Slicer-5.8\qt-scripted-modules\MONAILabelLib\client.py:568) - HTTP Response Headers: [('date', 'Thu, 16 Oct 2025 14:02:22 GMT'), ('server', 'uvicorn'), ('content-length', '49'), ('content-type', 'application/json')]
[DEBUG][Python] 16.10.2025 10:02:23 [Python] (C:\Users\Usuario\AppData\Local\slicer.org\Slicer 5.8.1\slicer.org\Extensions-33241\MONAILabel\lib\Slicer-5.8\qt-scripted-modules\MONAILabelLib\client.py:571) - HTTP Response Content-Type: application/json
[DEBUG][Python] 16.10.2025 10:02:23 [Python] (C:\Users\Usuario\AppData\Local\slicer.org\Slicer 5.8.1\slicer.org\Extensions-33241\MONAILabel\lib\Slicer-5.8\qt-scripted-modules\MONAILabelLib\client.py:582) - Reading status/content from simple response!
[INFO][Python] 16.10.2025 10:02:23 [Python] (C:/Users/Usuario/AppData/Local/slicer.org/Slicer 5.8.1/slicer.org/Extensions-33241/MONAILabel/lib/Slicer-5.8/qt-scripted-modules/MONAILabel.py:1148) - -----------------------------------------------------	
Total Models Available: 	12	
-----------------------------------------------------	
Deepgrow Models: 	4	
Segmentation Models: 	5	
Deepedit Models: 	1	
Scribbles Models: 	2	
-----------------------------------------------------
[INFO][Python] 16.10.2025 10:02:23 [Python] (C:/Users/Usuario/AppData/Local/slicer.org/Slicer 5.8.1/slicer.org/Extensions-33241/MONAILabel/lib/Slicer-5.8/qt-scripted-modules/MONAILabel.py:1149) - Time consumed by fetch info: 8.2
[INFO][Python] 16.10.2025 10:02:23 [Python] (C:/Users/Usuario/AppData/Local/slicer.org/Slicer 5.8.1/slicer.org/Extensions-33241/MONAILabel/lib/Slicer-5.8/qt-scripted-modules/MONAILabel.py:826) - updateConfigTable => refresh:True
[INFO][Python] 16.10.2025 10:02:23 [Python] (C:/Users/Usuario/AppData/Local/slicer.org/Slicer 5.8.1/slicer.org/Extensions-33241/MONAILabel/lib/Slicer-5.8/qt-scripted-modules/MONAILabel.py:776) - Current Selection Options Section: infer
[INFO][Python] 16.10.2025 10:02:23 [Python] (C:/Users/Usuario/AppData/Local/slicer.org/Slicer 5.8.1/slicer.org/Extensions-33241/MONAILabel/lib/Slicer-5.8/qt-scripted-modules/MONAILabel.py:786) - Current Selection Options Name: deepgrow_2d
[INFO][Python] 16.10.2025 10:02:23 [Python] (C:/Users/Usuario/AppData/Local/slicer.org/Slicer 5.8.1/slicer.org/Extensions-33241/MONAILabel/lib/Slicer-5.8/qt-scripted-modules/MONAILabel.py:869) - 0 => models => deepgrow_2d => cache_transforms => True
[INFO][Python] 16.10.2025 10:02:23 [Python] (C:/Users/Usuario/AppData/Local/slicer.org/Slicer 5.8.1/slicer.org/Extensions-33241/MONAILabel/lib/Slicer-5.8/qt-scripted-modules/MONAILabel.py:869) - 1 => models => deepgrow_2d => cache_transforms_in_memory => True
[INFO][Python] 16.10.2025 10:02:23 [Python] (C:/Users/Usuario/AppData/Local/slicer.org/Slicer 5.8.1/slicer.org/Extensions-33241/MONAILabel/lib/Slicer-5.8/qt-scripted-modules/MONAILabel.py:869) - 2 => models => deepgrow_2d => cache_transforms_ttl => 300
[INFO][Python] 16.10.2025 10:02:23 [Python] (C:/Users/Usuario/AppData/Local/slicer.org/Slicer 5.8.1/slicer.org/Extensions-33241/MONAILabel/lib/Slicer-5.8/qt-scripted-modules/MONAILabel.py:869) - 3 => models => deepgrow_2d => device => ['NVIDIA GeForce MX250']
[DEBUG][Qt] 16.10.2025 10:02:38 [] (unknown:0) - Python console user input: volume_node = slicer.util.loadVolume("D:/MONAI_STUDIES2/sample18.nii.gz")
[DEBUG][Python] 16.10.2025 10:02:39 [Python] (C:\Users\Usuario\AppData\Local\slicer.org\Slicer 5.8.1\slicer.org\Extensions-33241\MONAILabel\lib\Slicer-5.8\qt-scripted-modules\MONAILabelLib\client.py:496) - GET http://localhost:8000/auth/
[DEBUG][Python] 16.10.2025 10:02:39 [Python] (C:\Users\Usuario\AppData\Local\slicer.org\Slicer 5.8.1\slicer.org\Extensions-33241\MONAILabel\lib\Slicer-5.8\qt-scripted-modules\MONAILabelLib\client.py:501) - URI Path: /auth/
[DEBUG][Python] 16.10.2025 10:02:41 [Python] (C:\Users\Usuario\AppData\Local\slicer.org\Slicer 5.8.1\slicer.org\Extensions-33241\MONAILabel\lib\Slicer-5.8\qt-scripted-modules\MONAILabelLib\client.py:566) - HTTP Response Code: 404
[DEBUG][Python] 16.10.2025 10:02:41 [Python] (C:\Users\Usuario\AppData\Local\slicer.org\Slicer 5.8.1\slicer.org\Extensions-33241\MONAILabel\lib\Slicer-5.8\qt-scripted-modules\MONAILabelLib\client.py:567) - HTTP Response Message: Not Found
[DEBUG][Python] 16.10.2025 10:02:41 [Python] (C:\Users\Usuario\AppData\Local\slicer.org\Slicer 5.8.1\slicer.org\Extensions-33241\MONAILabel\lib\Slicer-5.8\qt-scripted-modules\MONAILabelLib\client.py:568) - HTTP Response Headers: [('date', 'Thu, 16 Oct 2025 14:02:40 GMT'), ('server', 'uvicorn'), ('content-length', '22'), ('content-type', 'application/json')]
[DEBUG][Python] 16.10.2025 10:02:41 [Python] (C:\Users\Usuario\AppData\Local\slicer.org\Slicer 5.8.1\slicer.org\Extensions-33241\MONAILabel\lib\Slicer-5.8\qt-scripted-modules\MONAILabelLib\client.py:571) - HTTP Response Content-Type: application/json
[DEBUG][Python] 16.10.2025 10:02:41 [Python] (C:\Users\Usuario\AppData\Local\slicer.org\Slicer 5.8.1\slicer.org\Extensions-33241\MONAILabel\lib\Slicer-5.8\qt-scripted-modules\MONAILabelLib\client.py:582) - Reading status/content from simple response!
[DEBUG][Python] 16.10.2025 10:02:41 [Python] (C:\Users\Usuario\AppData\Local\slicer.org\Slicer 5.8.1\slicer.org\Extensions-33241\MONAILabel\lib\Slicer-5.8\qt-scripted-modules\MONAILabelLib\client.py:496) - GET http://localhost:8000/train/?check_if_running=true
[DEBUG][Python] 16.10.2025 10:02:41 [Python] (C:\Users\Usuario\AppData\Local\slicer.org\Slicer 5.8.1\slicer.org\Extensions-33241\MONAILabel\lib\Slicer-5.8\qt-scripted-modules\MONAILabelLib\client.py:501) - URI Path: /train/?check_if_running=true
[DEBUG][Python] 16.10.2025 10:02:43 [Python] (C:\Users\Usuario\AppData\Local\slicer.org\Slicer 5.8.1\slicer.org\Extensions-33241\MONAILabel\lib\Slicer-5.8\qt-scripted-modules\MONAILabelLib\client.py:566) - HTTP Response Code: 404
[DEBUG][Python] 16.10.2025 10:02:43 [Python] (C:\Users\Usuario\AppData\Local\slicer.org\Slicer 5.8.1\slicer.org\Extensions-33241\MONAILabel\lib\Slicer-5.8\qt-scripted-modules\MONAILabelLib\client.py:567) - HTTP Response Message: Not Found
[DEBUG][Python] 16.10.2025 10:02:43 [Python] (C:\Users\Usuario\AppData\Local\slicer.org\Slicer 5.8.1\slicer.org\Extensions-33241\MONAILabel\lib\Slicer-5.8\qt-scripted-modules\MONAILabelLib\client.py:568) - HTTP Response Headers: [('date', 'Thu, 16 Oct 2025 14:02:42 GMT'), ('server', 'uvicorn'), ('content-length', '49'), ('content-type', 'application/json')]
[DEBUG][Python] 16.10.2025 10:02:43 [Python] (C:\Users\Usuario\AppData\Local\slicer.org\Slicer 5.8.1\slicer.org\Extensions-33241\MONAILabel\lib\Slicer-5.8\qt-scripted-modules\MONAILabelLib\client.py:571) - HTTP Response Content-Type: application/json
[DEBUG][Python] 16.10.2025 10:02:43 [Python] (C:\Users\Usuario\AppData\Local\slicer.org\Slicer 5.8.1\slicer.org\Extensions-33241\MONAILabel\lib\Slicer-5.8\qt-scripted-modules\MONAILabelLib\client.py:582) - Reading status/content from simple response!
[DEBUG][Python] 16.10.2025 10:02:43 [Python] (C:\Users\Usuario\AppData\Local\slicer.org\Slicer 5.8.1\slicer.org\Extensions-33241\MONAILabel\lib\Slicer-5.8\qt-scripted-modules\MONAILabelLib\client.py:496) - GET http://localhost:8000/auth/
[DEBUG][Python] 16.10.2025 10:02:43 [Python] (C:\Users\Usuario\AppData\Local\slicer.org\Slicer 5.8.1\slicer.org\Extensions-33241\MONAILabel\lib\Slicer-5.8\qt-scripted-modules\MONAILabelLib\client.py:501) - URI Path: /auth/
[DEBUG][Python] 16.10.2025 10:02:45 [Python] (C:\Users\Usuario\AppData\Local\slicer.org\Slicer 5.8.1\slicer.org\Extensions-33241\MONAILabel\lib\Slicer-5.8\qt-scripted-modules\MONAILabelLib\client.py:566) - HTTP Response Code: 404
[DEBUG][Python] 16.10.2025 10:02:45 [Python] (C:\Users\Usuario\AppData\Local\slicer.org\Slicer 5.8.1\slicer.org\Extensions-33241\MONAILabel\lib\Slicer-5.8\qt-scripted-modules\MONAILabelLib\client.py:567) - HTTP Response Message: Not Found
[DEBUG][Python] 16.10.2025 10:02:45 [Python] (C:\Users\Usuario\AppData\Local\slicer.org\Slicer 5.8.1\slicer.org\Extensions-33241\MONAILabel\lib\Slicer-5.8\qt-scripted-modules\MONAILabelLib\client.py:568) - HTTP Response Headers: [('date', 'Thu, 16 Oct 2025 14:02:44 GMT'), ('server', 'uvicorn'), ('content-length', '22'), ('content-type', 'application/json')]
[DEBUG][Python] 16.10.2025 10:02:45 [Python] (C:\Users\Usuario\AppData\Local\slicer.org\Slicer 5.8.1\slicer.org\Extensions-33241\MONAILabel\lib\Slicer-5.8\qt-scripted-modules\MONAILabelLib\client.py:571) - HTTP Response Content-Type: application/json
[DEBUG][Python] 16.10.2025 10:02:45 [Python] (C:\Users\Usuario\AppData\Local\slicer.org\Slicer 5.8.1\slicer.org\Extensions-33241\MONAILabel\lib\Slicer-5.8\qt-scripted-modules\MONAILabelLib\client.py:582) - Reading status/content from simple response!
[DEBUG][Python] 16.10.2025 10:02:45 [Python] (C:\Users\Usuario\AppData\Local\slicer.org\Slicer 5.8.1\slicer.org\Extensions-33241\MONAILabel\lib\Slicer-5.8\qt-scripted-modules\MONAILabelLib\client.py:496) - GET http://localhost:8000/train/?check_if_running=true
[DEBUG][Python] 16.10.2025 10:02:45 [Python] (C:\Users\Usuario\AppData\Local\slicer.org\Slicer 5.8.1\slicer.org\Extensions-33241\MONAILabel\lib\Slicer-5.8\qt-scripted-modules\MONAILabelLib\client.py:501) - URI Path: /train/?check_if_running=true
[DEBUG][Python] 16.10.2025 10:02:47 [Python] (C:\Users\Usuario\AppData\Local\slicer.org\Slicer 5.8.1\slicer.org\Extensions-33241\MONAILabel\lib\Slicer-5.8\qt-scripted-modules\MONAILabelLib\client.py:566) - HTTP Response Code: 404
[DEBUG][Python] 16.10.2025 10:02:47 [Python] (C:\Users\Usuario\AppData\Local\slicer.org\Slicer 5.8.1\slicer.org\Extensions-33241\MONAILabel\lib\Slicer-5.8\qt-scripted-modules\MONAILabelLib\client.py:567) - HTTP Response Message: Not Found
[DEBUG][Python] 16.10.2025 10:02:47 [Python] (C:\Users\Usuario\AppData\Local\slicer.org\Slicer 5.8.1\slicer.org\Extensions-33241\MONAILabel\lib\Slicer-5.8\qt-scripted-modules\MONAILabelLib\client.py:568) - HTTP Response Headers: [('date', 'Thu, 16 Oct 2025 14:02:46 GMT'), ('server', 'uvicorn'), ('content-length', '49'), ('content-type', 'application/json')]
[DEBUG][Python] 16.10.2025 10:02:47 [Python] (C:\Users\Usuario\AppData\Local\slicer.org\Slicer 5.8.1\slicer.org\Extensions-33241\MONAILabel\lib\Slicer-5.8\qt-scripted-modules\MONAILabelLib\client.py:571) - HTTP Response Content-Type: application/json
[DEBUG][Python] 16.10.2025 10:02:47 [Python] (C:\Users\Usuario\AppData\Local\slicer.org\Slicer 5.8.1\slicer.org\Extensions-33241\MONAILabel\lib\Slicer-5.8\qt-scripted-modules\MONAILabelLib\client.py:582) - Reading status/content from simple response!
[DEBUG][Python] 16.10.2025 10:02:47 [Python] (C:/Users/Usuario/AppData/Local/slicer.org/Slicer 5.8.1/slicer.org/Extensions-33241/MONAILabel/lib/Slicer-5.8/qt-scripted-modules/MONAILabel.py:1775) - Update Segmentation Mask from: None
[DEBUG][Python] 16.10.2025 10:02:47 [Python] (C:\Users\Usuario\AppData\Local\slicer.org\Slicer 5.8.1\slicer.org\Extensions-33241\MONAILabel\lib\Slicer-5.8\qt-scripted-modules\MONAILabelLib\client.py:496) - GET http://localhost:8000/auth/
[DEBUG][Python] 16.10.2025 10:02:47 [Python] (C:\Users\Usuario\AppData\Local\slicer.org\Slicer 5.8.1\slicer.org\Extensions-33241\MONAILabel\lib\Slicer-5.8\qt-scripted-modules\MONAILabelLib\client.py:501) - URI Path: /auth/
[DEBUG][Python] 16.10.2025 10:02:49 [Python] (C:\Users\Usuario\AppData\Local\slicer.org\Slicer 5.8.1\slicer.org\Extensions-33241\MONAILabel\lib\Slicer-5.8\qt-scripted-modules\MONAILabelLib\client.py:566) - HTTP Response Code: 404
[DEBUG][Python] 16.10.2025 10:02:49 [Python] (C:\Users\Usuario\AppData\Local\slicer.org\Slicer 5.8.1\slicer.org\Extensions-33241\MONAILabel\lib\Slicer-5.8\qt-scripted-modules\MONAILabelLib\client.py:567) - HTTP Response Message: Not Found
[DEBUG][Python] 16.10.2025 10:02:49 [Python] (C:\Users\Usuario\AppData\Local\slicer.org\Slicer 5.8.1\slicer.org\Extensions-33241\MONAILabel\lib\Slicer-5.8\qt-scripted-modules\MONAILabelLib\client.py:568) - HTTP Response Headers: [('date', 'Thu, 16 Oct 2025 14:02:49 GMT'), ('server', 'uvicorn'), ('content-length', '22'), ('content-type', 'application/json')]
[DEBUG][Python] 16.10.2025 10:02:49 [Python] (C:\Users\Usuario\AppData\Local\slicer.org\Slicer 5.8.1\slicer.org\Extensions-33241\MONAILabel\lib\Slicer-5.8\qt-scripted-modules\MONAILabelLib\client.py:571) - HTTP Response Content-Type: application/json
[DEBUG][Python] 16.10.2025 10:02:49 [Python] (C:\Users\Usuario\AppData\Local\slicer.org\Slicer 5.8.1\slicer.org\Extensions-33241\MONAILabel\lib\Slicer-5.8\qt-scripted-modules\MONAILabelLib\client.py:582) - Reading status/content from simple response!
[DEBUG][Python] 16.10.2025 10:02:49 [Python] (C:\Users\Usuario\AppData\Local\slicer.org\Slicer 5.8.1\slicer.org\Extensions-33241\MONAILabel\lib\Slicer-5.8\qt-scripted-modules\MONAILabelLib\client.py:496) - GET http://localhost:8000/train/?check_if_running=true
[DEBUG][Python] 16.10.2025 10:02:49 [Python] (C:\Users\Usuario\AppData\Local\slicer.org\Slicer 5.8.1\slicer.org\Extensions-33241\MONAILabel\lib\Slicer-5.8\qt-scripted-modules\MONAILabelLib\client.py:501) - URI Path: /train/?check_if_running=true
[DEBUG][Python] 16.10.2025 10:02:51 [Python] (C:\Users\Usuario\AppData\Local\slicer.org\Slicer 5.8.1\slicer.org\Extensions-33241\MONAILabel\lib\Slicer-5.8\qt-scripted-modules\MONAILabelLib\client.py:566) - HTTP Response Code: 404
[DEBUG][Python] 16.10.2025 10:02:51 [Python] (C:\Users\Usuario\AppData\Local\slicer.org\Slicer 5.8.1\slicer.org\Extensions-33241\MONAILabel\lib\Slicer-5.8\qt-scripted-modules\MONAILabelLib\client.py:567) - HTTP Response Message: Not Found
[DEBUG][Python] 16.10.2025 10:02:51 [Python] (C:\Users\Usuario\AppData\Local\slicer.org\Slicer 5.8.1\slicer.org\Extensions-33241\MONAILabel\lib\Slicer-5.8\qt-scripted-modules\MONAILabelLib\client.py:568) - HTTP Response Headers: [('date', 'Thu, 16 Oct 2025 14:02:51 GMT'), ('server', 'uvicorn'), ('content-length', '49'), ('content-type', 'application/json')]
[DEBUG][Python] 16.10.2025 10:02:51 [Python] (C:\Users\Usuario\AppData\Local\slicer.org\Slicer 5.8.1\slicer.org\Extensions-33241\MONAILabel\lib\Slicer-5.8\qt-scripted-modules\MONAILabelLib\client.py:571) - HTTP Response Content-Type: application/json
[DEBUG][Python] 16.10.2025 10:02:51 [Python] (C:\Users\Usuario\AppData\Local\slicer.org\Slicer 5.8.1\slicer.org\Extensions-33241\MONAILabel\lib\Slicer-5.8\qt-scripted-modules\MONAILabelLib\client.py:582) - Reading status/content from simple response!
[DEBUG][Qt] 16.10.2025 10:02:51 [] (unknown:0) - "Volume" Reader has successfully read the file "D:/MONAI_STUDIES2/sample18.nii.gz" "[12.97s]"
[DEBUG][Qt] 16.10.2025 10:02:58 [] (unknown:0) - Switch to module:  "Volumes"
[WARNING][Qt] 16.10.2025 10:02:59 [] (unknown:0) - ctkRangeWidget::setSingleStep( 100 ) is outside valid bounds
[DEBUG][Qt] 16.10.2025 10:03:26 [] (unknown:0) - Switch to module:  "Data"
[DEBUG][Qt] 16.10.2025 10:03:49 [] (unknown:0) - Switch to module:  "VolumeRendering"
[DEBUG][Qt] 16.10.2025 10:05:04 [] (unknown:0) - Python console user input: print("✅ Volumen cargado:", volume_node.GetName())
[INFO][Stream] 16.10.2025 10:05:04 [] (unknown:0) - ✅ Volumen cargado: sample18
[DEBUG][Qt] 16.10.2025 10:05:19 [] (unknown:0) - Python console user input: monai_module = slicer.modules.monailabel.widgetRepresentation().self()
[DEBUG][Qt] 16.10.2025 10:05:27 [] (unknown:0) - Python console user input: server_url = "http://192.168.100.8:8000"
[DEBUG][Qt] 16.10.2025 10:05:34 [] (unknown:0) - Python console user input: monai_module.logic.setServer(server_url)
[DEBUG][Qt] 16.10.2025 10:05:41 [] (unknown:0) - Python console user input: monai_module.serverUrl = server_url
[DEBUG][Qt] 16.10.2025 10:05:50 [] (unknown:0) - Python console user input: info = monai_module.logic.info()
[DEBUG][Python] 16.10.2025 10:05:50 [Python] (C:\Users\Usuario\AppData\Local\slicer.org\Slicer 5.8.1\slicer.org\Extensions-33241\MONAILabel\lib\Slicer-5.8\qt-scripted-modules\MONAILabelLib\client.py:496) - GET http://192.168.100.8:8000/auth/
[DEBUG][Python] 16.10.2025 10:05:50 [Python] (C:\Users\Usuario\AppData\Local\slicer.org\Slicer 5.8.1\slicer.org\Extensions-33241\MONAILabel\lib\Slicer-5.8\qt-scripted-modules\MONAILabelLib\client.py:501) - URI Path: /auth/
[DEBUG][Python] 16.10.2025 10:05:50 [Python] (C:\Users\Usuario\AppData\Local\slicer.org\Slicer 5.8.1\slicer.org\Extensions-33241\MONAILabel\lib\Slicer-5.8\qt-scripted-modules\MONAILabelLib\client.py:566) - HTTP Response Code: 404
[DEBUG][Python] 16.10.2025 10:05:50 [Python] (C:\Users\Usuario\AppData\Local\slicer.org\Slicer 5.8.1\slicer.org\Extensions-33241\MONAILabel\lib\Slicer-5.8\qt-scripted-modules\MONAILabelLib\client.py:567) - HTTP Response Message: Not Found
[DEBUG][Python] 16.10.2025 10:05:50 [Python] (C:\Users\Usuario\AppData\Local\slicer.org\Slicer 5.8.1\slicer.org\Extensions-33241\MONAILabel\lib\Slicer-5.8\qt-scripted-modules\MONAILabelLib\client.py:568) - HTTP Response Headers: [('date', 'Thu, 16 Oct 2025 14:05:50 GMT'), ('server', 'uvicorn'), ('content-length', '22'), ('content-type', 'application/json')]
[DEBUG][Python] 16.10.2025 10:05:50 [Python] (C:\Users\Usuario\AppData\Local\slicer.org\Slicer 5.8.1\slicer.org\Extensions-33241\MONAILabel\lib\Slicer-5.8\qt-scripted-modules\MONAILabelLib\client.py:571) - HTTP Response Content-Type: application/json
[DEBUG][Python] 16.10.2025 10:05:50 [Python] (C:\Users\Usuario\AppData\Local\slicer.org\Slicer 5.8.1\slicer.org\Extensions-33241\MONAILabel\lib\Slicer-5.8\qt-scripted-modules\MONAILabelLib\client.py:582) - Reading status/content from simple response!
[DEBUG][Python] 16.10.2025 10:05:50 [Python] (C:\Users\Usuario\AppData\Local\slicer.org\Slicer 5.8.1\slicer.org\Extensions-33241\MONAILabel\lib\Slicer-5.8\qt-scripted-modules\MONAILabelLib\client.py:496) - GET http://192.168.100.8:8000/info/
[DEBUG][Python] 16.10.2025 10:05:50 [Python] (C:\Users\Usuario\AppData\Local\slicer.org\Slicer 5.8.1\slicer.org\Extensions-33241\MONAILabel\lib\Slicer-5.8\qt-scripted-modules\MONAILabelLib\client.py:501) - URI Path: /info/
[DEBUG][Python] 16.10.2025 10:05:50 [Python] (C:\Users\Usuario\AppData\Local\slicer.org\Slicer 5.8.1\slicer.org\Extensions-33241\MONAILabel\lib\Slicer-5.8\qt-scripted-modules\MONAILabelLib\client.py:566) - HTTP Response Code: 200
[DEBUG][Python] 16.10.2025 10:05:50 [Python] (C:\Users\Usuario\AppData\Local\slicer.org\Slicer 5.8.1\slicer.org\Extensions-33241\MONAILabel\lib\Slicer-5.8\qt-scripted-modules\MONAILabelLib\client.py:567) - HTTP Response Message: OK
[DEBUG][Python] 16.10.2025 10:05:50 [Python] (C:\Users\Usuario\AppData\Local\slicer.org\Slicer 5.8.1\slicer.org\Extensions-33241\MONAILabel\lib\Slicer-5.8\qt-scripted-modules\MONAILabelLib\client.py:568) - HTTP Response Headers: [('date', 'Thu, 16 Oct 2025 14:05:50 GMT'), ('server', 'uvicorn'), ('content-length', '10219'), ('content-type', 'application/json')]
[DEBUG][Python] 16.10.2025 10:05:50 [Python] (C:\Users\Usuario\AppData\Local\slicer.org\Slicer 5.8.1\slicer.org\Extensions-33241\MONAILabel\lib\Slicer-5.8\qt-scripted-modules\MONAILabelLib\client.py:571) - HTTP Response Content-Type: application/json
[DEBUG][Python] 16.10.2025 10:05:50 [Python] (C:\Users\Usuario\AppData\Local\slicer.org\Slicer 5.8.1\slicer.org\Extensions-33241\MONAILabel\lib\Slicer-5.8\qt-scripted-modules\MONAILabelLib\client.py:582) - Reading status/content from simple response!
[DEBUG][Python] 16.10.2025 10:05:50 [Python] (C:\Users\Usuario\AppData\Local\slicer.org\Slicer 5.8.1\slicer.org\Extensions-33241\MONAILabel\lib\Slicer-5.8\qt-scripted-modules\MONAILabelLib\client.py:132) - Response: {"name":"MONAILabel - Radiology (0.8.4)","description":"Deep Learning models for radiology (no SAM2)","version":"0.8.4","labels":["spleen","right kidney","left kidney","liver","stomach","aorta","inferior vena cava","C1","C2","C3","C4","C5","C6","C7","Th1","Th2","Th3","Th4","Th5","Th6","Th7","Th8","Th9","Th10","Th11","Th12","L1","L2","L3","L4","L5","kidney_right","kidney_left","gallbladder","inferior_vena_cava","portal_vein_and_splenic_vein","pancreas","adrenal_gland_right","adrenal_gland_left","lung_upper_lobe_left","lung_lower_lobe_left","lung_upper_lobe_right","lung_middle_lobe_right","lung_lower_lobe_right","esophagus","trachea","heart_myocardium","heart_atrium_left","heart_ventricle_left","heart_atrium_right","heart_ventricle_right","pulmonary_artery","tumor","background"],"models":{"deepgrow_2d":{"type":"deepgrow","labels":["spleen","right kidney","left kidney","liver","stomach","aorta","inferior vena cava"],"dimension":2,"description":"A pre-trained DeepGrow model based on UNET","config":{"cache_transforms":true,"cache_transforms_in_memory":true,"cache_transforms_ttl":300,"device":["NVIDIA GeForce MX250"]}},"deepgrow_3d":{"type":"deepgrow","labels":["spleen","right kidney","left kidney","liver","stomach","aorta","inferior vena cava"],"dimension":3,"description":"A pre-trained DeepGrow model based on UNET","config":{"cache_transforms":true,"cache_transforms_in_memory":true,"cache_transforms_ttl":300,"device":["NVIDIA GeForce MX250"]}},"localization_spine":{"type":"segmentation","labels":{"C1":1,"C2":2,"C3":3,"C4":4,"C5":5,"C6":6,"C7":7,"Th1":8,"Th2":9,"Th3":10,"Th4":11,"Th5":12,"Th6":13,"Th7":14,"Th8":15,"Th9":16,"Th10":17,"Th11":18,"Th12":19,"L1":20,"L2":21,"L3":22,"L4":23,"L5":24},"dimension":3,"description":"A pre-trained model for volumetric (3D) spine localization from CT image","config":{"device":["NVIDIA GeForce MX250"]}},"localization_vertebra":{"type":"segmentation","labels":{"C1":1,"C2":2,"C3":3,"C4":4,"C5":5,"C6":6,"C7":7,"Th1":8,"Th2":9,"Th3":10,"Th4":11,"Th5":12,"Th6":13,"Th7":14,"Th8":15,"Th9":16,"Th10":17,"Th11":18,"Th12":19,"L1":20,"L2":21,"L3":22,"L4":23,"L5":24},"dimension":3,"description":"A pre-trained model for volumetric (3D) vertebra localization from CT image","config":{"device":["NVIDIA GeForce MX250"]}},"segmentation":{"type":"segmentation","labels":{"spleen":1,"kidney_right":2,"kidney_left":3,"gallbladder":4,"liver":5,"stomach":6,"aorta":7,"inferior_vena_cava":8,"portal_vein_and_splenic_vein":9,"pancreas":10,"adrenal_gland_right":11,"adrenal_gland_left":12,"lung_upper_lobe_left":13,"lung_lower_lobe_left":14,"lung_upper_lobe_right":15,"lung_middle_lobe_right":16,"lung_lower_lobe_right":17,"esophagus":42,"trachea":43,"heart_myocardium":44,"heart_atrium_left":45,"heart_ventricle_left":46,"heart_atrium_right":47,"heart_ventricle_right":48,"pulmonary_artery":49},"dimension":3,"description":"A pre-trained model for volumetric (3D) Segmentation from CT image","config":{"largest_cc":false,"device":["NVIDIA GeForce MX250"]}},"segmentation_spleen":{"type":"segmentation","labels":{"spleen":1},"dimension":3,"description":"A pre-trained model for volumetric (3D) segmentation of the spleen from CT image","config":{"device":["NVIDIA GeForce MX250"]}},"segmentation_vertebra":{"type":"deepgrow","labels":{"C1":1,"C2":2,"C3":3,"C4":4,"C5":5,"C6":6,"C7":7,"Th1":8,"Th2":9,"Th3":10,"Th4":11,"Th5":12,"Th6":13,"Th7":14,"Th8":15,"Th9":16,"Th10":17,"Th11":18,"Th12":19,"L1":20,"L2":21,"L3":22,"L4":23,"L5":24},"dimension":3,"description":"A pre-trained model for volumetric (3D) vertebra segmentation from CT image","config":{"device":["NVIDIA GeForce MX250"]}},"sw_fastedit":{"type":"deepedit","labels":["tumor","background"],"dimension":3,"description":"","config":{"cache_transforms":true,"cache_transforms_in_memory":true,"cache_transforms_ttl":1200,"device":["NVIDIA GeForce MX250"]}},"Histogram+GraphCut":{"type":"scribbles","labels":["spleen","right kidney","left kidney","liver","stomach","aorta","inferior vena cava"],"dimension":3,"description":"A post processing step with histogram-based GraphCut for Generic segmentation","config":{"num_bins":64,"lamda":1.0,"sigma":0.1,"device":["NVIDIA GeForce MX250"]}},"GMM+GraphCut":{"type":"scribbles","labels":["spleen","right kidney","left kidney","liver","stomach","aorta","inferior vena cava"],"dimension":3,"description":"A post processing step with GMM-based GraphCut for Generic segmentation","config":{"num_mixtures":20,"lamda":5.0,"sigma":0.5,"device":["NVIDIA GeForce MX250"]}},"deepgrow_pipeline":{"type":"deepgrow","labels":[],"dimension":3,"description":"Combines Deepgrow 2D and 3D models","config":{"cache_transforms":true,"cache_transforms_in_memory":true,"cache_transforms_ttl":300,"device":["NVIDIA GeForce MX250"]}},"vertebra_pipeline":{"type":"segmentation","labels":{"C1":1,"C2":2,"C3":3,"C4":4,"C5":5,"C6":6,"C7":7,"Th1":8,"Th2":9,"Th3":10,"Th4":11,"Th5":12,"Th6":13,"Th7":14,"Th8":15,"Th9":16,"Th10":17,"Th11":18,"Th12":19,"L1":20,"L2":21,"L3":22,"L4":23,"L5":24},"dimension":3,"description":"Three-stage vertebra segmentation pipeline","config":{"device":["NVIDIA GeForce MX250"]}}},"trainers":{"deepgrow_2d":{"description":"Train 2D Deepgrow model","config":{"name":"train_01","pretrained":true,"device":["NVIDIA GeForce MX250"],"max_epochs":10,"early_stop_patience":-1,"val_split":0.2,"train_batch_size":16,"val_batch_size":16,"multi_gpu":true,"gpus":"all","dataset":["SmartCacheDataset","CacheDataset","PersistentDataset","Dataset"],"dataloader":["ThreadDataLoader","DataLoader"],"tracking":["mlflow","None"],"tracking_uri":"","tracking_experiment_name":""},"labels":["spleen","right kidney","left kidney","liver","stomach","aorta","inferior vena cava"]},"deepgrow_3d":{"description":"Train 3D Deepgrow model","config":{"name":"train_01","pretrained":true,"device":["NVIDIA GeForce MX250"],"max_epochs":50,"early_stop_patience":-1,"val_split":0.2,"train_batch_size":1,"val_batch_size":1,"multi_gpu":true,"gpus":"all","dataset":["SmartCacheDataset","CacheDataset","PersistentDataset","Dataset"],"dataloader":["ThreadDataLoader","DataLoader"],"tracking":["mlflow","None"],"tracking_uri":"","tracking_experiment_name":""},"labels":["spleen","right kidney","left kidney","liver","stomach","aorta","inferior vena cava"]},"localization_spine":{"description":"Train spine localization Model","config":{"name":"train_01","pretrained":true,"device":["NVIDIA GeForce MX250"],"max_epochs":50,"early_stop_patience":-1,"val_split":0.2,"train_batch_size":1,"val_batch_size":1,"multi_gpu":true,"gpus":"all","dataset":["SmartCacheDataset","CacheDataset","PersistentDataset","Dataset"],"dataloader":["ThreadDataLoader","DataLoader"],"tracking":["mlflow","None"],"tracking_uri":"","tracking_experiment_name":""},"labels":{"C1":1,"C2":2,"C3":3,"C4":4,"C5":5,"C6":6,"C7":7,"Th1":8,"Th2":9,"Th3":10,"Th4":11,"Th5":12,"Th6":13,"Th7":14,"Th8":15,"Th9":16,"Th10":17,"Th11":18,"Th12":19,"L1":20,"L2":21,"L3":22,"L4":23,"L5":24}},"localization_vertebra":{"description":"Train vertebra localization Model","config":{"name":"train_01","pretrained":true,"device":["NVIDIA GeForce MX250"],"max_epochs":50,"early_stop_patience":-1,"val_split":0.2,"train_batch_size":1,"val_batch_size":1,"multi_gpu":true,"gpus":"all","dataset":["SmartCacheDataset","CacheDataset","PersistentDataset","Dataset"],"dataloader":["ThreadDataLoader","DataLoader"],"tracking":["mlflow","None"],"tracking_uri":"","tracking_experiment_name":""},"labels":{"C1":1,"C2":2,"C3":3,"C4":4,"C5":5,"C6":6,"C7":7,"Th1":8,"Th2":9,"Th3":10,"Th4":11,"Th5":12,"Th6":13,"Th7":14,"Th8":15,"Th9":16,"Th10":17,"Th11":18,"Th12":19,"L1":20,"L2":21,"L3":22,"L4":23,"L5":24}},"segmentation":{"description":"Train Segmentation Model","config":{"name":"train_01","pretrained":true,"device":["NVIDIA GeForce MX250"],"max_epochs":50,"early_stop_patience":-1,"val_split":0.2,"train_batch_size":1,"val_batch_size":1,"multi_gpu":true,"gpus":"all","dataset":["SmartCacheDataset","CacheDataset","PersistentDataset","Dataset"],"dataloader":["ThreadDataLoader","DataLoader"],"tracking":["mlflow","None"],"tracking_uri":"","tracking_experiment_name":""},"labels":{"spleen":1,"kidney_right":2,"kidney_left":3,"gallbladder":4,"liver":5,"stomach":6,"aorta":7,"inferior_vena_cava":8,"portal_vein_and_splenic_vein":9,"pancreas":10,"adrenal_gland_right":11,"adrenal_gland_left":12,"lung_upper_lobe_left":13,"lung_lower_lobe_left":14,"lung_upper_lobe_right":15,"lung_middle_lobe_right":16,"lung_lower_lobe_right":17,"esophagus":42,"trachea":43,"heart_myocardium":44,"heart_atrium_left":45,"heart_ventricle_left":46,"heart_atrium_right":47,"heart_ventricle_right":48,"pulmonary_artery":49}},"segmentation_spleen":{"description":"Train Spleen Segmentation Model","config":{"name":"train_01","pretrained":true,"device":["NVIDIA GeForce MX250"],"max_epochs":50,"early_stop_patience":-1,"val_split":0.2,"train_batch_size":1,"val_batch_size":1,"multi_gpu":true,"gpus":"all","dataset":["SmartCacheDataset","CacheDataset","PersistentDataset","Dataset"],"dataloader":["ThreadDataLoader","DataLoader"],"tracking":["mlflow","None"],"tracking_uri":"","tracking_experiment_name":""},"labels":{"spleen":1}},"segmentation_vertebra":{"description":"Train vertebra segmentation Model","config":{"name":"train_01","pretrained":true,"device":["NVIDIA GeForce MX250"],"max_epochs":50,"early_stop_patience":-1,"val_split":0.2,"train_batch_size":1,"val_batch_size":1,"multi_gpu":true,"gpus":"all","dataset":["SmartCacheDataset","CacheDataset","PersistentDataset","Dataset"],"dataloader":["ThreadDataLoader","DataLoader"],"tracking":["mlflow","None"],"tracking_uri":"","tracking_experiment_name":""},"labels":{"C1":1,"C2":2,"C3":3,"C4":4,"C5":5,"C6":6,"C7":7,"Th1":8,"Th2":9,"Th3":10,"Th4":11,"Th5":12,"Th6":13,"Th7":14,"Th8":15,"Th9":16,"Th10":17,"Th11":18,"Th12":19,"L1":20,"L2":21,"L3":22,"L4":23,"L5":24}}},"strategies":{"random":{"description":"Random Strategy"},"first":{"description":"Get First Sample"},"last":{"description":"Get Last Sample"}},"scoring":{},"train_stats":{"deepgrow_2d":{},"deepgrow_3d":{},"localization_spine":{},"localization_vertebra":{},"segmentation":{},"segmentation_spleen":{},"segmentation_vertebra":{}},"datastore":{"total":40,"completed":0,"label_tags":{}}}
[DEBUG][Qt] 16.10.2025 10:05:56 [] (unknown:0) - Python console user input: print("INFO DEL SERVIDOR:", info['name'], "| modelos disponibles:", list(info['models'].keys()))
[INFO][Stream] 16.10.2025 10:05:56 [] (unknown:0) - INFO DEL SERVIDOR: MONAILabel - Radiology (0.8.4) | modelos disponibles: ['deepgrow_2d', 'deepgrow_3d', 'localization_spine', 'localization_vertebra', 'segmentation', 'segmentation_spleen', 'segmentation_vertebra', 'sw_fastedit', 'Histogram+GraphCut', 'GMM+GraphCut', 'deepgrow_pipeline', 'vertebra_pipeline']
[DEBUG][Qt] 16.10.2025 10:06:30 [] (unknown:0) - Python console user input: from MONAILabelLib import client as monai_client
[DEBUG][Qt] 16.10.2025 10:06:36 [] (unknown:0) - Python console user input: import tempfile, os
[DEBUG][Qt] 16.10.2025 10:06:42 [] (unknown:0) - Python console user input: import tempfile, os
[DEBUG][Qt] 16.10.2025 10:06:46 [] (unknown:0) - Python console user input: import tempfile, os
[DEBUG][Qt] 16.10.2025 10:06:58 [] (unknown:0) - Python console user input: server_url = "http://192.168.100.8:8000"
[DEBUG][Qt] 16.10.2025 10:07:50 [] (unknown:0) - Python console user input: model_name = "DeepEditWeld"
[DEBUG][Qt] 16.10.2025 10:08:05 [] (unknown:0) - Python console user input: tmp_dir = tempfile.mkdtemp()
[DEBUG][Qt] 16.10.2025 10:08:13 [] (unknown:0) - Python console user input: input_path = os.path.join(tmp_dir, "input.nii.gz")
[DEBUG][Qt] 16.10.2025 10:08:19 [] (unknown:0) - Python console user input: slicer.util.saveNode(volume_node, input_path)
[INFO][Stream] 16.10.2025 10:08:19 [] (unknown:0) - True
[DEBUG][Qt] 16.10.2025 10:08:26 [] (unknown:0) - Python console user input: slicer.util.saveNode(volume_node, input_path)
[INFO][VTK] 16.10.2025 10:08:26 [vtkMRMLVolumeArchetypeStorageNode (000001B015FCC3C0)] (C:\D\S\S-0\Libs\MRML\Core\vtkMRMLVolumeArchetypeStorageNode.cxx:634) - WriteData: removing old version of file C:/Users/Usuario/AppData/Local/Temp/tmp41xyp98j/input.nii.gz
[INFO][Stream] 16.10.2025 10:08:26 [] (unknown:0) - True
[DEBUG][Qt] 16.10.2025 10:08:43 [] (unknown:0) - Python console user input: print("input guardado en:", input_path)
[INFO][Stream] 16.10.2025 10:08:43 [] (unknown:0) - input guardado en: C:\Users\Usuario\AppData\Local\Temp\tmp41xyp98j\input.nii.gz
[DEBUG][Qt] 16.10.2025 10:08:56 [] (unknown:0) - Python console user input: c = monai_client.MONAILabelClient(server_url)
[DEBUG][Qt] 16.10.2025 10:09:06 [] (unknown:0) - Python console user input: result_file, params = c.infer(model_name, input_path, {})
[DEBUG][Python] 16.10.2025 10:09:06 [Python] (C:\Users\Usuario\AppData\Local\slicer.org\Slicer 5.8.1\slicer.org\Extensions-33241\MONAILabel\lib\Slicer-5.8\qt-scripted-modules\MONAILabelLib\client.py:542) - POST http://192.168.100.8:8000/infer/DeepEditWeld?image=C%3A%5CUsers%5CUsuario%5CAppData%5CLocal%5CTemp%5Ctmp41xyp98j%5Cinput.nii.gz
[DEBUG][Python] 16.10.2025 10:09:06 [Python] (C:\Users\Usuario\AppData\Local\slicer.org\Slicer 5.8.1\slicer.org\Extensions-33241\MONAILabel\lib\Slicer-5.8\qt-scripted-modules\MONAILabelLib\client.py:551) - URI Path: /infer/DeepEditWeld?image=C%3A%5CUsers%5CUsuario%5CAppData%5CLocal%5CTemp%5Ctmp41xyp98j%5Cinput.nii.gz
[DEBUG][Python] 16.10.2025 10:09:06 [Python] (C:\Users\Usuario\AppData\Local\slicer.org\Slicer 5.8.1\slicer.org\Extensions-33241\MONAILabel\lib\Slicer-5.8\qt-scripted-modules\MONAILabelLib\client.py:566) - HTTP Response Code: 500
[DEBUG][Python] 16.10.2025 10:09:06 [Python] (C:\Users\Usuario\AppData\Local\slicer.org\Slicer 5.8.1\slicer.org\Extensions-33241\MONAILabel\lib\Slicer-5.8\qt-scripted-modules\MONAILabelLib\client.py:567) - HTTP Response Message: Internal Server Error
[DEBUG][Python] 16.10.2025 10:09:06 [Python] (C:\Users\Usuario\AppData\Local\slicer.org\Slicer 5.8.1\slicer.org\Extensions-33241\MONAILabel\lib\Slicer-5.8\qt-scripted-modules\MONAILabelLib\client.py:568) - HTTP Response Headers: [('date', 'Thu, 16 Oct 2025 14:09:06 GMT'), ('server', 'uvicorn'), ('content-length', '21'), ('content-type', 'text/plain; charset=utf-8')]
[DEBUG][Python] 16.10.2025 10:09:06 [Python] (C:\Users\Usuario\AppData\Local\slicer.org\Slicer 5.8.1\slicer.org\Extensions-33241\MONAILabel\lib\Slicer-5.8\qt-scripted-modules\MONAILabelLib\client.py:571) - HTTP Response Content-Type: text/plain; charset=utf-8
[DEBUG][Python] 16.10.2025 10:09:06 [Python] (C:\Users\Usuario\AppData\Local\slicer.org\Slicer 5.8.1\slicer.org\Extensions-33241\MONAILabel\lib\Slicer-5.8\qt-scripted-modules\MONAILabelLib\client.py:582) - Reading status/content from simple response!
[CRITICAL][Stream] 16.10.2025 10:09:07 [] (unknown:0) - Traceback (most recent call last):
[CRITICAL][Stream] 16.10.2025 10:09:07 [] (unknown:0) -   File "<console>", line 1, in <module>
[CRITICAL][Stream] 16.10.2025 10:09:07 [] (unknown:0) -   File "C:\Users\Usuario\AppData\Local\slicer.org\Slicer 5.8.1\slicer.org\Extensions-33241\MONAILabel\lib\Slicer-5.8\qt-scripted-modules\MONAILabelLib\client.py", line 344, in infer
[CRITICAL][Stream] 16.10.2025 10:09:07 [] (unknown:0) -     raise MONAILabelClientException(
[CRITICAL][Stream] 16.10.2025 10:09:07 [] (unknown:0) - MONAILabelLib.client.MONAILabelClientException: (1, 'Status: 500; Response: Internal Server Error')
[DEBUG][Qt] 16.10.2025 10:19:46 [] (unknown:0) - Switch to module:  ""
