[DEBUG][Qt] 16.10.2025 18:53:21 [] (unknown:0) - Session start time .......: 20251016_185321
[DEBUG][Qt] 16.10.2025 18:53:21 [] (unknown:0) - Slicer version ...........: 5.8.1 (revision 33241 / 11eaf62) win-amd64 - installed release
[DEBUG][Qt] 16.10.2025 18:53:21 [] (unknown:0) - Operating system .........: Windows /  Personal / (Build 26100, Code Page 65001) - 64-bit
[DEBUG][Qt] 16.10.2025 18:53:21 [] (unknown:0) - Memory ...................: 16165 MB physical, 19237 MB virtual
[DEBUG][Qt] 16.10.2025 18:53:21 [] (unknown:0) - CPU ......................: GenuineIntel , 8 cores, 8 logical processors
[DEBUG][Qt] 16.10.2025 18:53:21 [] (unknown:0) - VTK configuration ........: OpenGL2 rendering, TBB threading
[DEBUG][Qt] 16.10.2025 18:53:21 [] (unknown:0) - Qt configuration .........: version 5.15.2, with SSL, requested OpenGL 3.2 (compatibility profile)
[DEBUG][Qt] 16.10.2025 18:53:21 [] (unknown:0) - DCMTK configuration ......: version 3.6.8, no SSL
[DEBUG][Qt] 16.10.2025 18:53:21 [] (unknown:0) - Internationalization .....: disabled, language=
[DEBUG][Qt] 16.10.2025 18:53:21 [] (unknown:0) - Developer mode ...........: disabled
[DEBUG][Qt] 16.10.2025 18:53:21 [] (unknown:0) - Application path .........: C:/Users/Usuario/AppData/Local/slicer.org/Slicer 5.8.1/bin
[DEBUG][Qt] 16.10.2025 18:53:21 [] (unknown:0) - Additional module paths ..: slicer.org/Extensions-33241/Breast_DCEMRI_FTV/lib/Slicer-5.8/qt-scripted-modules, slicer.org/Extensions-33241/MONAIAuto3DSeg/lib/Slicer-5.8/qt-scripted-modules, slicer.org/Extensions-33241/PyTorch/lib/Slicer-5.8/qt-scripted-modules, slicer.org/Extensions-33241/Sandbox/lib/Slicer-5.8/qt-loadable-modules, slicer.org/Extensions-33241/Sandbox/lib/Slicer-5.8/qt-scripted-modules, slicer.org/Extensions-33241/MONAILabel/lib/Slicer-5.8/qt-scripted-modules
[CRITICAL][Stream] 16.10.2025 18:53:35 [] (unknown:0) - C:\Users\Usuario\AppData\Local\slicer.org\Slicer 5.8.1\lib\Python\Lib\site-packages\dicom\__init__.py:53: UserWarning:
[CRITICAL][Stream] 16.10.2025 18:53:35 [] (unknown:0) - This code is using an older version of pydicom, which is no longer
[CRITICAL][Stream] 16.10.2025 18:53:35 [] (unknown:0) - maintained as of Jan 2017.  You can access the new pydicom features and API
[CRITICAL][Stream] 16.10.2025 18:53:35 [] (unknown:0) - by installing `pydicom` from PyPI.
[CRITICAL][Stream] 16.10.2025 18:53:35 [] (unknown:0) - See 'Transitioning to pydicom 1.x' section at pydicom.readthedocs.org
[CRITICAL][Stream] 16.10.2025 18:53:35 [] (unknown:0) - for more information.
[CRITICAL][Stream] 16.10.2025 18:53:35 [] (unknown:0) -
[CRITICAL][Stream] 16.10.2025 18:53:35 [] (unknown:0) -   warnings.warn(msg)
[DEBUG][Python] 16.10.2025 18:53:38 [Python] (C:\Users\Usuario\AppData\Local\slicer.org\Slicer 5.8.1\lib\Python\Lib\site-packages\matplotlib\__init__.py:341) - matplotlib data path: C:\Users\Usuario\AppData\Local\slicer.org\Slicer 5.8.1\lib\Python\Lib\site-packages\matplotlib\mpl-data
[DEBUG][Python] 16.10.2025 18:53:38 [Python] (C:\Users\Usuario\AppData\Local\slicer.org\Slicer 5.8.1\lib\Python\Lib\site-packages\matplotlib\__init__.py:341) - CONFIGDIR=C:\Users\Usuario\.matplotlib
[DEBUG][Python] 16.10.2025 18:53:38 [Python] (C:\Users\Usuario\AppData\Local\slicer.org\Slicer 5.8.1\lib\Python\Lib\site-packages\matplotlib\__init__.py:1512) - interactive is False
[DEBUG][Python] 16.10.2025 18:53:38 [Python] (C:\Users\Usuario\AppData\Local\slicer.org\Slicer 5.8.1\lib\Python\Lib\site-packages\matplotlib\__init__.py:1513) - platform is win32
[DEBUG][Python] 16.10.2025 18:53:38 [Python] (C:\Users\Usuario\AppData\Local\slicer.org\Slicer 5.8.1\lib\Python\Lib\site-packages\matplotlib\__init__.py:341) - CACHEDIR=C:\Users\Usuario\.matplotlib
[DEBUG][Python] 16.10.2025 18:53:38 [Python] (C:\Users\Usuario\AppData\Local\slicer.org\Slicer 5.8.1\lib\Python\Lib\site-packages\matplotlib\font_manager.py:1580) - Using fontManager instance from C:\Users\Usuario\.matplotlib\fontlist-v390.json
[DEBUG][Python] 16.10.2025 18:53:50 [Python] (C:\Users\Usuario\AppData\Local\slicer.org\Slicer 5.8.1\lib\Slicer-5.8\qt-scripted-modules\SubjectHierarchyPlugins\AbstractScriptedSubjectHierarchyPlugin.py:40) - Scripted subject hierarchy plugin registered: SegmentEditor
[DEBUG][Python] 16.10.2025 18:53:51 [Python] (C:\Users\Usuario\AppData\Local\slicer.org\Slicer 5.8.1\lib\Slicer-5.8\qt-scripted-modules\SubjectHierarchyPlugins\AbstractScriptedSubjectHierarchyPlugin.py:40) - Scripted subject hierarchy plugin registered: SegmentStatistics
[DEBUG][Qt] 16.10.2025 18:53:51 [] (unknown:0) - Switch to module:  "Welcome"
[DEBUG][Qt] 16.10.2025 18:54:07 [] (unknown:0) - Switch to module:  "MONAILabel"
[INFO][Python] 16.10.2025 18:54:08 [Python] (C:/Users/Usuario/AppData/Local/slicer.org/Slicer 5.8.1/slicer.org/Extensions-33241/MONAILabel/lib/Slicer-5.8/qt-scripted-modules/MONAILabel.py:1015) - Options Section Selection Changed.... current:0; prev: 0
[INFO][Python] 16.10.2025 18:54:08 [Python] (C:/Users/Usuario/AppData/Local/slicer.org/Slicer 5.8.1/slicer.org/Extensions-33241/MONAILabel/lib/Slicer-5.8/qt-scripted-modules/MONAILabel.py:776) - Current Selection Options Section: infer
[INFO][Python] 16.10.2025 18:54:08 [Python] (C:/Users/Usuario/AppData/Local/slicer.org/Slicer 5.8.1/slicer.org/Extensions-33241/MONAILabel/lib/Slicer-5.8/qt-scripted-modules/MONAILabel.py:786) - Current Selection Options Name:
[INFO][Python] 16.10.2025 18:54:08 [Python] (C:/Users/Usuario/AppData/Local/slicer.org/Slicer 5.8.1/slicer.org/Extensions-33241/MONAILabel/lib/Slicer-5.8/qt-scripted-modules/MONAILabel.py:826) - updateConfigTable => refresh:True
[INFO][Python] 16.10.2025 18:54:08 [Python] (C:/Users/Usuario/AppData/Local/slicer.org/Slicer 5.8.1/slicer.org/Extensions-33241/MONAILabel/lib/Slicer-5.8/qt-scripted-modules/MONAILabel.py:776) - Current Selection Options Section: infer
[INFO][Python] 16.10.2025 18:54:08 [Python] (C:/Users/Usuario/AppData/Local/slicer.org/Slicer 5.8.1/slicer.org/Extensions-33241/MONAILabel/lib/Slicer-5.8/qt-scripted-modules/MONAILabel.py:786) - Current Selection Options Name:
[DEBUG][Python] 16.10.2025 18:54:10 [Python] (C:\Users\Usuario\AppData\Local\slicer.org\Slicer 5.8.1\slicer.org\Extensions-33241\MONAILabel\lib\Slicer-5.8\qt-scripted-modules\MONAILabelLib\client.py:496) - GET http://localhost:8000/auth/
[DEBUG][Python] 16.10.2025 18:54:10 [Python] (C:\Users\Usuario\AppData\Local\slicer.org\Slicer 5.8.1\slicer.org\Extensions-33241\MONAILabel\lib\Slicer-5.8\qt-scripted-modules\MONAILabelLib\client.py:501) - URI Path: /auth/
[ERROR][Python] 16.10.2025 18:54:14 [Python] (C:\Users\Usuario\AppData\Local\slicer.org\Slicer 5.8.1\bin\Python\slicer\util.py:3057) - Failed to fetch models from remote server. Make sure server address is correct and <server_uri>/info/ is accessible in browser.
[INFO][Python] 16.10.2025 18:54:16 [Python] (C:/Users/Usuario/AppData/Local/slicer.org/Slicer 5.8.1/slicer.org/Extensions-33241/MONAILabel/lib/Slicer-5.8/qt-scripted-modules/MONAILabel.py:826) - updateConfigTable => refresh:True
[INFO][Python] 16.10.2025 18:54:16 [Python] (C:/Users/Usuario/AppData/Local/slicer.org/Slicer 5.8.1/slicer.org/Extensions-33241/MONAILabel/lib/Slicer-5.8/qt-scripted-modules/MONAILabel.py:776) - Current Selection Options Section: infer
[INFO][Python] 16.10.2025 18:54:16 [Python] (C:/Users/Usuario/AppData/Local/slicer.org/Slicer 5.8.1/slicer.org/Extensions-33241/MONAILabel/lib/Slicer-5.8/qt-scripted-modules/MONAILabel.py:786) - Current Selection Options Name:
[DEBUG][Python] 16.10.2025 19:08:44 [Python] (C:\Users\Usuario\AppData\Local\slicer.org\Slicer 5.8.1\slicer.org\Extensions-33241\MONAILabel\lib\Slicer-5.8\qt-scripted-modules\MONAILabelLib\client.py:496) - GET http://localhost:8000/auth/
[DEBUG][Python] 16.10.2025 19:08:44 [Python] (C:\Users\Usuario\AppData\Local\slicer.org\Slicer 5.8.1\slicer.org\Extensions-33241\MONAILabel\lib\Slicer-5.8\qt-scripted-modules\MONAILabelLib\client.py:501) - URI Path: /auth/
[DEBUG][Python] 16.10.2025 19:08:47 [Python] (C:\Users\Usuario\AppData\Local\slicer.org\Slicer 5.8.1\slicer.org\Extensions-33241\MONAILabel\lib\Slicer-5.8\qt-scripted-modules\MONAILabelLib\client.py:566) - HTTP Response Code: 404
[DEBUG][Python] 16.10.2025 19:08:47 [Python] (C:\Users\Usuario\AppData\Local\slicer.org\Slicer 5.8.1\slicer.org\Extensions-33241\MONAILabel\lib\Slicer-5.8\qt-scripted-modules\MONAILabelLib\client.py:567) - HTTP Response Message: Not Found
[DEBUG][Python] 16.10.2025 19:08:47 [Python] (C:\Users\Usuario\AppData\Local\slicer.org\Slicer 5.8.1\slicer.org\Extensions-33241\MONAILabel\lib\Slicer-5.8\qt-scripted-modules\MONAILabelLib\client.py:568) - HTTP Response Headers: [('date', 'Thu, 16 Oct 2025 23:08:46 GMT'), ('server', 'uvicorn'), ('content-length', '22'), ('content-type', 'application/json')]
[DEBUG][Python] 16.10.2025 19:08:47 [Python] (C:\Users\Usuario\AppData\Local\slicer.org\Slicer 5.8.1\slicer.org\Extensions-33241\MONAILabel\lib\Slicer-5.8\qt-scripted-modules\MONAILabelLib\client.py:571) - HTTP Response Content-Type: application/json
[DEBUG][Python] 16.10.2025 19:08:47 [Python] (C:\Users\Usuario\AppData\Local\slicer.org\Slicer 5.8.1\slicer.org\Extensions-33241\MONAILabel\lib\Slicer-5.8\qt-scripted-modules\MONAILabelLib\client.py:582) - Reading status/content from simple response!
[DEBUG][Python] 16.10.2025 19:08:47 [Python] (C:\Users\Usuario\AppData\Local\slicer.org\Slicer 5.8.1\slicer.org\Extensions-33241\MONAILabel\lib\Slicer-5.8\qt-scripted-modules\MONAILabelLib\client.py:496) - GET http://localhost:8000/info/
[DEBUG][Python] 16.10.2025 19:08:47 [Python] (C:\Users\Usuario\AppData\Local\slicer.org\Slicer 5.8.1\slicer.org\Extensions-33241\MONAILabel\lib\Slicer-5.8\qt-scripted-modules\MONAILabelLib\client.py:501) - URI Path: /info/
[DEBUG][Python] 16.10.2025 19:08:49 [Python] (C:\Users\Usuario\AppData\Local\slicer.org\Slicer 5.8.1\slicer.org\Extensions-33241\MONAILabel\lib\Slicer-5.8\qt-scripted-modules\MONAILabelLib\client.py:566) - HTTP Response Code: 200
[DEBUG][Python] 16.10.2025 19:08:49 [Python] (C:\Users\Usuario\AppData\Local\slicer.org\Slicer 5.8.1\slicer.org\Extensions-33241\MONAILabel\lib\Slicer-5.8\qt-scripted-modules\MONAILabelLib\client.py:567) - HTTP Response Message: OK
[DEBUG][Python] 16.10.2025 19:08:49 [Python] (C:\Users\Usuario\AppData\Local\slicer.org\Slicer 5.8.1\slicer.org\Extensions-33241\MONAILabel\lib\Slicer-5.8\qt-scripted-modules\MONAILabelLib\client.py:568) - HTTP Response Headers: [('date', 'Thu, 16 Oct 2025 23:08:48 GMT'), ('server', 'uvicorn'), ('content-length', '10219'), ('content-type', 'application/json')]
[DEBUG][Python] 16.10.2025 19:08:49 [Python] (C:\Users\Usuario\AppData\Local\slicer.org\Slicer 5.8.1\slicer.org\Extensions-33241\MONAILabel\lib\Slicer-5.8\qt-scripted-modules\MONAILabelLib\client.py:571) - HTTP Response Content-Type: application/json
[DEBUG][Python] 16.10.2025 19:08:49 [Python] (C:\Users\Usuario\AppData\Local\slicer.org\Slicer 5.8.1\slicer.org\Extensions-33241\MONAILabel\lib\Slicer-5.8\qt-scripted-modules\MONAILabelLib\client.py:582) - Reading status/content from simple response!
[DEBUG][Python] 16.10.2025 19:08:49 [Python] (C:\Users\Usuario\AppData\Local\slicer.org\Slicer 5.8.1\slicer.org\Extensions-33241\MONAILabel\lib\Slicer-5.8\qt-scripted-modules\MONAILabelLib\client.py:132) - Response: {"name":"MONAILabel - Radiology (0.8.4)","description":"Deep Learning models for radiology (no SAM2)","version":"0.8.4","labels":["spleen","right kidney","left kidney","liver","stomach","aorta","inferior vena cava","C1","C2","C3","C4","C5","C6","C7","Th1","Th2","Th3","Th4","Th5","Th6","Th7","Th8","Th9","Th10","Th11","Th12","L1","L2","L3","L4","L5","kidney_right","kidney_left","gallbladder","inferior_vena_cava","portal_vein_and_splenic_vein","pancreas","adrenal_gland_right","adrenal_gland_left","lung_upper_lobe_left","lung_lower_lobe_left","lung_upper_lobe_right","lung_middle_lobe_right","lung_lower_lobe_right","esophagus","trachea","heart_myocardium","heart_atrium_left","heart_ventricle_left","heart_atrium_right","heart_ventricle_right","pulmonary_artery","tumor","background"],"models":{"deepgrow_2d":{"type":"deepgrow","labels":["spleen","right kidney","left kidney","liver","stomach","aorta","inferior vena cava"],"dimension":2,"description":"A pre-trained DeepGrow model based on UNET","config":{"cache_transforms":true,"cache_transforms_in_memory":true,"cache_transforms_ttl":300,"device":["NVIDIA GeForce MX250"]}},"deepgrow_3d":{"type":"deepgrow","labels":["spleen","right kidney","left kidney","liver","stomach","aorta","inferior vena cava"],"dimension":3,"description":"A pre-trained DeepGrow model based on UNET","config":{"cache_transforms":true,"cache_transforms_in_memory":true,"cache_transforms_ttl":300,"device":["NVIDIA GeForce MX250"]}},"localization_spine":{"type":"segmentation","labels":{"C1":1,"C2":2,"C3":3,"C4":4,"C5":5,"C6":6,"C7":7,"Th1":8,"Th2":9,"Th3":10,"Th4":11,"Th5":12,"Th6":13,"Th7":14,"Th8":15,"Th9":16,"Th10":17,"Th11":18,"Th12":19,"L1":20,"L2":21,"L3":22,"L4":23,"L5":24},"dimension":3,"description":"A pre-trained model for volumetric (3D) spine localization from CT image","config":{"device":["NVIDIA GeForce MX250"]}},"localization_vertebra":{"type":"segmentation","labels":{"C1":1,"C2":2,"C3":3,"C4":4,"C5":5,"C6":6,"C7":7,"Th1":8,"Th2":9,"Th3":10,"Th4":11,"Th5":12,"Th6":13,"Th7":14,"Th8":15,"Th9":16,"Th10":17,"Th11":18,"Th12":19,"L1":20,"L2":21,"L3":22,"L4":23,"L5":24},"dimension":3,"description":"A pre-trained model for volumetric (3D) vertebra localization from CT image","config":{"device":["NVIDIA GeForce MX250"]}},"segmentation":{"type":"segmentation","labels":{"spleen":1,"kidney_right":2,"kidney_left":3,"gallbladder":4,"liver":5,"stomach":6,"aorta":7,"inferior_vena_cava":8,"portal_vein_and_splenic_vein":9,"pancreas":10,"adrenal_gland_right":11,"adrenal_gland_left":12,"lung_upper_lobe_left":13,"lung_lower_lobe_left":14,"lung_upper_lobe_right":15,"lung_middle_lobe_right":16,"lung_lower_lobe_right":17,"esophagus":42,"trachea":43,"heart_myocardium":44,"heart_atrium_left":45,"heart_ventricle_left":46,"heart_atrium_right":47,"heart_ventricle_right":48,"pulmonary_artery":49},"dimension":3,"description":"A pre-trained model for volumetric (3D) Segmentation from CT image","config":{"largest_cc":false,"device":["NVIDIA GeForce MX250"]}},"segmentation_spleen":{"type":"segmentation","labels":{"spleen":1},"dimension":3,"description":"A pre-trained model for volumetric (3D) segmentation of the spleen from CT image","config":{"device":["NVIDIA GeForce MX250"]}},"segmentation_vertebra":{"type":"deepgrow","labels":{"C1":1,"C2":2,"C3":3,"C4":4,"C5":5,"C6":6,"C7":7,"Th1":8,"Th2":9,"Th3":10,"Th4":11,"Th5":12,"Th6":13,"Th7":14,"Th8":15,"Th9":16,"Th10":17,"Th11":18,"Th12":19,"L1":20,"L2":21,"L3":22,"L4":23,"L5":24},"dimension":3,"description":"A pre-trained model for volumetric (3D) vertebra segmentation from CT image","config":{"device":["NVIDIA GeForce MX250"]}},"sw_fastedit":{"type":"deepedit","labels":["tumor","background"],"dimension":3,"description":"","config":{"cache_transforms":true,"cache_transforms_in_memory":true,"cache_transforms_ttl":1200,"device":["NVIDIA GeForce MX250"]}},"Histogram+GraphCut":{"type":"scribbles","labels":["spleen","right kidney","left kidney","liver","stomach","aorta","inferior vena cava"],"dimension":3,"description":"A post processing step with histogram-based GraphCut for Generic segmentation","config":{"num_bins":64,"lamda":1.0,"sigma":0.1,"device":["NVIDIA GeForce MX250"]}},"GMM+GraphCut":{"type":"scribbles","labels":["spleen","right kidney","left kidney","liver","stomach","aorta","inferior vena cava"],"dimension":3,"description":"A post processing step with GMM-based GraphCut for Generic segmentation","config":{"num_mixtures":20,"lamda":5.0,"sigma":0.5,"device":["NVIDIA GeForce MX250"]}},"deepgrow_pipeline":{"type":"deepgrow","labels":[],"dimension":3,"description":"Combines Deepgrow 2D and 3D models","config":{"cache_transforms":true,"cache_transforms_in_memory":true,"cache_transforms_ttl":300,"device":["NVIDIA GeForce MX250"]}},"vertebra_pipeline":{"type":"segmentation","labels":{"C1":1,"C2":2,"C3":3,"C4":4,"C5":5,"C6":6,"C7":7,"Th1":8,"Th2":9,"Th3":10,"Th4":11,"Th5":12,"Th6":13,"Th7":14,"Th8":15,"Th9":16,"Th10":17,"Th11":18,"Th12":19,"L1":20,"L2":21,"L3":22,"L4":23,"L5":24},"dimension":3,"description":"Three-stage vertebra segmentation pipeline","config":{"device":["NVIDIA GeForce MX250"]}}},"trainers":{"deepgrow_2d":{"description":"Train 2D Deepgrow model","config":{"name":"train_01","pretrained":true,"device":["NVIDIA GeForce MX250"],"max_epochs":10,"early_stop_patience":-1,"val_split":0.2,"train_batch_size":16,"val_batch_size":16,"multi_gpu":true,"gpus":"all","dataset":["SmartCacheDataset","CacheDataset","PersistentDataset","Dataset"],"dataloader":["ThreadDataLoader","DataLoader"],"tracking":["mlflow","None"],"tracking_uri":"","tracking_experiment_name":""},"labels":["spleen","right kidney","left kidney","liver","stomach","aorta","inferior vena cava"]},"deepgrow_3d":{"description":"Train 3D Deepgrow model","config":{"name":"train_01","pretrained":true,"device":["NVIDIA GeForce MX250"],"max_epochs":50,"early_stop_patience":-1,"val_split":0.2,"train_batch_size":1,"val_batch_size":1,"multi_gpu":true,"gpus":"all","dataset":["SmartCacheDataset","CacheDataset","PersistentDataset","Dataset"],"dataloader":["ThreadDataLoader","DataLoader"],"tracking":["mlflow","None"],"tracking_uri":"","tracking_experiment_name":""},"labels":["spleen","right kidney","left kidney","liver","stomach","aorta","inferior vena cava"]},"localization_spine":{"description":"Train spine localization Model","config":{"name":"train_01","pretrained":true,"device":["NVIDIA GeForce MX250"],"max_epochs":50,"early_stop_patience":-1,"val_split":0.2,"train_batch_size":1,"val_batch_size":1,"multi_gpu":true,"gpus":"all","dataset":["SmartCacheDataset","CacheDataset","PersistentDataset","Dataset"],"dataloader":["ThreadDataLoader","DataLoader"],"tracking":["mlflow","None"],"tracking_uri":"","tracking_experiment_name":""},"labels":{"C1":1,"C2":2,"C3":3,"C4":4,"C5":5,"C6":6,"C7":7,"Th1":8,"Th2":9,"Th3":10,"Th4":11,"Th5":12,"Th6":13,"Th7":14,"Th8":15,"Th9":16,"Th10":17,"Th11":18,"Th12":19,"L1":20,"L2":21,"L3":22,"L4":23,"L5":24}},"localization_vertebra":{"description":"Train vertebra localization Model","config":{"name":"train_01","pretrained":true,"device":["NVIDIA GeForce MX250"],"max_epochs":50,"early_stop_patience":-1,"val_split":0.2,"train_batch_size":1,"val_batch_size":1,"multi_gpu":true,"gpus":"all","dataset":["SmartCacheDataset","CacheDataset","PersistentDataset","Dataset"],"dataloader":["ThreadDataLoader","DataLoader"],"tracking":["mlflow","None"],"tracking_uri":"","tracking_experiment_name":""},"labels":{"C1":1,"C2":2,"C3":3,"C4":4,"C5":5,"C6":6,"C7":7,"Th1":8,"Th2":9,"Th3":10,"Th4":11,"Th5":12,"Th6":13,"Th7":14,"Th8":15,"Th9":16,"Th10":17,"Th11":18,"Th12":19,"L1":20,"L2":21,"L3":22,"L4":23,"L5":24}},"segmentation":{"description":"Train Segmentation Model","config":{"name":"train_01","pretrained":true,"device":["NVIDIA GeForce MX250"],"max_epochs":50,"early_stop_patience":-1,"val_split":0.2,"train_batch_size":1,"val_batch_size":1,"multi_gpu":true,"gpus":"all","dataset":["SmartCacheDataset","CacheDataset","PersistentDataset","Dataset"],"dataloader":["ThreadDataLoader","DataLoader"],"tracking":["mlflow","None"],"tracking_uri":"","tracking_experiment_name":""},"labels":{"spleen":1,"kidney_right":2,"kidney_left":3,"gallbladder":4,"liver":5,"stomach":6,"aorta":7,"inferior_vena_cava":8,"portal_vein_and_splenic_vein":9,"pancreas":10,"adrenal_gland_right":11,"adrenal_gland_left":12,"lung_upper_lobe_left":13,"lung_lower_lobe_left":14,"lung_upper_lobe_right":15,"lung_middle_lobe_right":16,"lung_lower_lobe_right":17,"esophagus":42,"trachea":43,"heart_myocardium":44,"heart_atrium_left":45,"heart_ventricle_left":46,"heart_atrium_right":47,"heart_ventricle_right":48,"pulmonary_artery":49}},"segmentation_spleen":{"description":"Train Spleen Segmentation Model","config":{"name":"train_01","pretrained":true,"device":["NVIDIA GeForce MX250"],"max_epochs":50,"early_stop_patience":-1,"val_split":0.2,"train_batch_size":1,"val_batch_size":1,"multi_gpu":true,"gpus":"all","dataset":["SmartCacheDataset","CacheDataset","PersistentDataset","Dataset"],"dataloader":["ThreadDataLoader","DataLoader"],"tracking":["mlflow","None"],"tracking_uri":"","tracking_experiment_name":""},"labels":{"spleen":1}},"segmentation_vertebra":{"description":"Train vertebra segmentation Model","config":{"name":"train_01","pretrained":true,"device":["NVIDIA GeForce MX250"],"max_epochs":50,"early_stop_patience":-1,"val_split":0.2,"train_batch_size":1,"val_batch_size":1,"multi_gpu":true,"gpus":"all","dataset":["SmartCacheDataset","CacheDataset","PersistentDataset","Dataset"],"dataloader":["ThreadDataLoader","DataLoader"],"tracking":["mlflow","None"],"tracking_uri":"","tracking_experiment_name":""},"labels":{"C1":1,"C2":2,"C3":3,"C4":4,"C5":5,"C6":6,"C7":7,"Th1":8,"Th2":9,"Th3":10,"Th4":11,"Th5":12,"Th6":13,"Th7":14,"Th8":15,"Th9":16,"Th10":17,"Th11":18,"Th12":19,"L1":20,"L2":21,"L3":22,"L4":23,"L5":24}}},"strategies":{"random":{"description":"Random Strategy"},"first":{"description":"Get First Sample"},"last":{"description":"Get Last Sample"}},"scoring":{},"train_stats":{"deepgrow_2d":{},"deepgrow_3d":{},"localization_spine":{},"localization_vertebra":{},"segmentation":{},"segmentation_spleen":{},"segmentation_vertebra":{}},"datastore":{"total":41,"completed":0,"label_tags":{}}}
[DEBUG][Python] 16.10.2025 19:08:49 [Python] (C:/Users/Usuario/AppData/Local/slicer.org/Slicer 5.8.1/slicer.org/Extensions-33241/MONAILabel/lib/Slicer-5.8/qt-scripted-modules/MONAILabel.py:1133) - deepgrow_2d = deepgrow
[DEBUG][Python] 16.10.2025 19:08:49 [Python] (C:/Users/Usuario/AppData/Local/slicer.org/Slicer 5.8.1/slicer.org/Extensions-33241/MONAILabel/lib/Slicer-5.8/qt-scripted-modules/MONAILabel.py:1133) - deepgrow_3d = deepgrow
[DEBUG][Python] 16.10.2025 19:08:49 [Python] (C:/Users/Usuario/AppData/Local/slicer.org/Slicer 5.8.1/slicer.org/Extensions-33241/MONAILabel/lib/Slicer-5.8/qt-scripted-modules/MONAILabel.py:1133) - localization_spine = segmentation
[DEBUG][Python] 16.10.2025 19:08:49 [Python] (C:/Users/Usuario/AppData/Local/slicer.org/Slicer 5.8.1/slicer.org/Extensions-33241/MONAILabel/lib/Slicer-5.8/qt-scripted-modules/MONAILabel.py:1133) - localization_vertebra = segmentation
[DEBUG][Python] 16.10.2025 19:08:49 [Python] (C:/Users/Usuario/AppData/Local/slicer.org/Slicer 5.8.1/slicer.org/Extensions-33241/MONAILabel/lib/Slicer-5.8/qt-scripted-modules/MONAILabel.py:1133) - segmentation = segmentation
[DEBUG][Python] 16.10.2025 19:08:49 [Python] (C:/Users/Usuario/AppData/Local/slicer.org/Slicer 5.8.1/slicer.org/Extensions-33241/MONAILabel/lib/Slicer-5.8/qt-scripted-modules/MONAILabel.py:1133) - segmentation_spleen = segmentation
[DEBUG][Python] 16.10.2025 19:08:49 [Python] (C:/Users/Usuario/AppData/Local/slicer.org/Slicer 5.8.1/slicer.org/Extensions-33241/MONAILabel/lib/Slicer-5.8/qt-scripted-modules/MONAILabel.py:1133) - segmentation_vertebra = deepgrow
[DEBUG][Python] 16.10.2025 19:08:49 [Python] (C:/Users/Usuario/AppData/Local/slicer.org/Slicer 5.8.1/slicer.org/Extensions-33241/MONAILabel/lib/Slicer-5.8/qt-scripted-modules/MONAILabel.py:1133) - sw_fastedit = deepedit
[DEBUG][Python] 16.10.2025 19:08:49 [Python] (C:/Users/Usuario/AppData/Local/slicer.org/Slicer 5.8.1/slicer.org/Extensions-33241/MONAILabel/lib/Slicer-5.8/qt-scripted-modules/MONAILabel.py:1133) - Histogram+GraphCut = scribbles
[DEBUG][Python] 16.10.2025 19:08:49 [Python] (C:/Users/Usuario/AppData/Local/slicer.org/Slicer 5.8.1/slicer.org/Extensions-33241/MONAILabel/lib/Slicer-5.8/qt-scripted-modules/MONAILabel.py:1133) - GMM+GraphCut = scribbles
[DEBUG][Python] 16.10.2025 19:08:49 [Python] (C:/Users/Usuario/AppData/Local/slicer.org/Slicer 5.8.1/slicer.org/Extensions-33241/MONAILabel/lib/Slicer-5.8/qt-scripted-modules/MONAILabel.py:1133) - deepgrow_pipeline = deepgrow
[DEBUG][Python] 16.10.2025 19:08:49 [Python] (C:/Users/Usuario/AppData/Local/slicer.org/Slicer 5.8.1/slicer.org/Extensions-33241/MONAILabel/lib/Slicer-5.8/qt-scripted-modules/MONAILabel.py:1133) - vertebra_pipeline = segmentation
[DEBUG][Python] 16.10.2025 19:08:49 [Python] (C:\Users\Usuario\AppData\Local\slicer.org\Slicer 5.8.1\slicer.org\Extensions-33241\MONAILabel\lib\Slicer-5.8\qt-scripted-modules\MONAILabelLib\client.py:496) - GET http://localhost:8000/auth/
[DEBUG][Python] 16.10.2025 19:08:49 [Python] (C:\Users\Usuario\AppData\Local\slicer.org\Slicer 5.8.1\slicer.org\Extensions-33241\MONAILabel\lib\Slicer-5.8\qt-scripted-modules\MONAILabelLib\client.py:501) - URI Path: /auth/
[DEBUG][Python] 16.10.2025 19:08:51 [Python] (C:\Users\Usuario\AppData\Local\slicer.org\Slicer 5.8.1\slicer.org\Extensions-33241\MONAILabel\lib\Slicer-5.8\qt-scripted-modules\MONAILabelLib\client.py:566) - HTTP Response Code: 404
[DEBUG][Python] 16.10.2025 19:08:51 [Python] (C:\Users\Usuario\AppData\Local\slicer.org\Slicer 5.8.1\slicer.org\Extensions-33241\MONAILabel\lib\Slicer-5.8\qt-scripted-modules\MONAILabelLib\client.py:567) - HTTP Response Message: Not Found
[DEBUG][Python] 16.10.2025 19:08:51 [Python] (C:\Users\Usuario\AppData\Local\slicer.org\Slicer 5.8.1\slicer.org\Extensions-33241\MONAILabel\lib\Slicer-5.8\qt-scripted-modules\MONAILabelLib\client.py:568) - HTTP Response Headers: [('date', 'Thu, 16 Oct 2025 23:08:50 GMT'), ('server', 'uvicorn'), ('content-length', '22'), ('content-type', 'application/json')]
[DEBUG][Python] 16.10.2025 19:08:51 [Python] (C:\Users\Usuario\AppData\Local\slicer.org\Slicer 5.8.1\slicer.org\Extensions-33241\MONAILabel\lib\Slicer-5.8\qt-scripted-modules\MONAILabelLib\client.py:571) - HTTP Response Content-Type: application/json
[DEBUG][Python] 16.10.2025 19:08:51 [Python] (C:\Users\Usuario\AppData\Local\slicer.org\Slicer 5.8.1\slicer.org\Extensions-33241\MONAILabel\lib\Slicer-5.8\qt-scripted-modules\MONAILabelLib\client.py:582) - Reading status/content from simple response!
[DEBUG][Python] 16.10.2025 19:08:51 [Python] (C:\Users\Usuario\AppData\Local\slicer.org\Slicer 5.8.1\slicer.org\Extensions-33241\MONAILabel\lib\Slicer-5.8\qt-scripted-modules\MONAILabelLib\client.py:496) - GET http://localhost:8000/train/?check_if_running=true
[DEBUG][Python] 16.10.2025 19:08:51 [Python] (C:\Users\Usuario\AppData\Local\slicer.org\Slicer 5.8.1\slicer.org\Extensions-33241\MONAILabel\lib\Slicer-5.8\qt-scripted-modules\MONAILabelLib\client.py:501) - URI Path: /train/?check_if_running=true
[DEBUG][Python] 16.10.2025 19:08:53 [Python] (C:\Users\Usuario\AppData\Local\slicer.org\Slicer 5.8.1\slicer.org\Extensions-33241\MONAILabel\lib\Slicer-5.8\qt-scripted-modules\MONAILabelLib\client.py:566) - HTTP Response Code: 404
[DEBUG][Python] 16.10.2025 19:08:53 [Python] (C:\Users\Usuario\AppData\Local\slicer.org\Slicer 5.8.1\slicer.org\Extensions-33241\MONAILabel\lib\Slicer-5.8\qt-scripted-modules\MONAILabelLib\client.py:567) - HTTP Response Message: Not Found
[DEBUG][Python] 16.10.2025 19:08:53 [Python] (C:\Users\Usuario\AppData\Local\slicer.org\Slicer 5.8.1\slicer.org\Extensions-33241\MONAILabel\lib\Slicer-5.8\qt-scripted-modules\MONAILabelLib\client.py:568) - HTTP Response Headers: [('date', 'Thu, 16 Oct 2025 23:08:52 GMT'), ('server', 'uvicorn'), ('content-length', '49'), ('content-type', 'application/json')]
[DEBUG][Python] 16.10.2025 19:08:53 [Python] (C:\Users\Usuario\AppData\Local\slicer.org\Slicer 5.8.1\slicer.org\Extensions-33241\MONAILabel\lib\Slicer-5.8\qt-scripted-modules\MONAILabelLib\client.py:571) - HTTP Response Content-Type: application/json
[DEBUG][Python] 16.10.2025 19:08:53 [Python] (C:\Users\Usuario\AppData\Local\slicer.org\Slicer 5.8.1\slicer.org\Extensions-33241\MONAILabel\lib\Slicer-5.8\qt-scripted-modules\MONAILabelLib\client.py:582) - Reading status/content from simple response!
[INFO][Python] 16.10.2025 19:08:53 [Python] (C:/Users/Usuario/AppData/Local/slicer.org/Slicer 5.8.1/slicer.org/Extensions-33241/MONAILabel/lib/Slicer-5.8/qt-scripted-modules/MONAILabel.py:1148) - -----------------------------------------------------	
Total Models Available: 	12	
-----------------------------------------------------	
Deepgrow Models: 	4	
Segmentation Models: 	5	
Deepedit Models: 	1	
Scribbles Models: 	2	
-----------------------------------------------------
[INFO][Python] 16.10.2025 19:08:53 [Python] (C:/Users/Usuario/AppData/Local/slicer.org/Slicer 5.8.1/slicer.org/Extensions-33241/MONAILabel/lib/Slicer-5.8/qt-scripted-modules/MONAILabel.py:1149) - Time consumed by fetch info: 8.5
[INFO][Python] 16.10.2025 19:08:53 [Python] (C:/Users/Usuario/AppData/Local/slicer.org/Slicer 5.8.1/slicer.org/Extensions-33241/MONAILabel/lib/Slicer-5.8/qt-scripted-modules/MONAILabel.py:826) - updateConfigTable => refresh:True
[INFO][Python] 16.10.2025 19:08:53 [Python] (C:/Users/Usuario/AppData/Local/slicer.org/Slicer 5.8.1/slicer.org/Extensions-33241/MONAILabel/lib/Slicer-5.8/qt-scripted-modules/MONAILabel.py:776) - Current Selection Options Section: infer
[INFO][Python] 16.10.2025 19:08:53 [Python] (C:/Users/Usuario/AppData/Local/slicer.org/Slicer 5.8.1/slicer.org/Extensions-33241/MONAILabel/lib/Slicer-5.8/qt-scripted-modules/MONAILabel.py:786) - Current Selection Options Name: deepgrow_2d
[INFO][Python] 16.10.2025 19:08:53 [Python] (C:/Users/Usuario/AppData/Local/slicer.org/Slicer 5.8.1/slicer.org/Extensions-33241/MONAILabel/lib/Slicer-5.8/qt-scripted-modules/MONAILabel.py:869) - 0 => models => deepgrow_2d => cache_transforms => True
[INFO][Python] 16.10.2025 19:08:53 [Python] (C:/Users/Usuario/AppData/Local/slicer.org/Slicer 5.8.1/slicer.org/Extensions-33241/MONAILabel/lib/Slicer-5.8/qt-scripted-modules/MONAILabel.py:869) - 1 => models => deepgrow_2d => cache_transforms_in_memory => True
[INFO][Python] 16.10.2025 19:08:53 [Python] (C:/Users/Usuario/AppData/Local/slicer.org/Slicer 5.8.1/slicer.org/Extensions-33241/MONAILabel/lib/Slicer-5.8/qt-scripted-modules/MONAILabel.py:869) - 2 => models => deepgrow_2d => cache_transforms_ttl => 300
[INFO][Python] 16.10.2025 19:08:53 [Python] (C:/Users/Usuario/AppData/Local/slicer.org/Slicer 5.8.1/slicer.org/Extensions-33241/MONAILabel/lib/Slicer-5.8/qt-scripted-modules/MONAILabel.py:869) - 3 => models => deepgrow_2d => device => ['NVIDIA GeForce MX250']
[DEBUG][Qt] 16.10.2025 19:11:04 [] (unknown:0) - Python console user input: volume_node = slicer.util.loadVolume("D:/MONAI_STUDIES2/sample18.nii.gz")
[DEBUG][Python] 16.10.2025 19:11:05 [Python] (C:\Users\Usuario\AppData\Local\slicer.org\Slicer 5.8.1\slicer.org\Extensions-33241\MONAILabel\lib\Slicer-5.8\qt-scripted-modules\MONAILabelLib\client.py:496) - GET http://localhost:8000/auth/
[DEBUG][Python] 16.10.2025 19:11:05 [Python] (C:\Users\Usuario\AppData\Local\slicer.org\Slicer 5.8.1\slicer.org\Extensions-33241\MONAILabel\lib\Slicer-5.8\qt-scripted-modules\MONAILabelLib\client.py:501) - URI Path: /auth/
[DEBUG][Python] 16.10.2025 19:11:07 [Python] (C:\Users\Usuario\AppData\Local\slicer.org\Slicer 5.8.1\slicer.org\Extensions-33241\MONAILabel\lib\Slicer-5.8\qt-scripted-modules\MONAILabelLib\client.py:566) - HTTP Response Code: 404
[DEBUG][Python] 16.10.2025 19:11:07 [Python] (C:\Users\Usuario\AppData\Local\slicer.org\Slicer 5.8.1\slicer.org\Extensions-33241\MONAILabel\lib\Slicer-5.8\qt-scripted-modules\MONAILabelLib\client.py:567) - HTTP Response Message: Not Found
[DEBUG][Python] 16.10.2025 19:11:07 [Python] (C:\Users\Usuario\AppData\Local\slicer.org\Slicer 5.8.1\slicer.org\Extensions-33241\MONAILabel\lib\Slicer-5.8\qt-scripted-modules\MONAILabelLib\client.py:568) - HTTP Response Headers: [('date', 'Thu, 16 Oct 2025 23:11:07 GMT'), ('server', 'uvicorn'), ('content-length', '22'), ('content-type', 'application/json')]
[DEBUG][Python] 16.10.2025 19:11:07 [Python] (C:\Users\Usuario\AppData\Local\slicer.org\Slicer 5.8.1\slicer.org\Extensions-33241\MONAILabel\lib\Slicer-5.8\qt-scripted-modules\MONAILabelLib\client.py:571) - HTTP Response Content-Type: application/json
[DEBUG][Python] 16.10.2025 19:11:07 [Python] (C:\Users\Usuario\AppData\Local\slicer.org\Slicer 5.8.1\slicer.org\Extensions-33241\MONAILabel\lib\Slicer-5.8\qt-scripted-modules\MONAILabelLib\client.py:582) - Reading status/content from simple response!
[DEBUG][Python] 16.10.2025 19:11:07 [Python] (C:\Users\Usuario\AppData\Local\slicer.org\Slicer 5.8.1\slicer.org\Extensions-33241\MONAILabel\lib\Slicer-5.8\qt-scripted-modules\MONAILabelLib\client.py:496) - GET http://localhost:8000/train/?check_if_running=true
[DEBUG][Python] 16.10.2025 19:11:07 [Python] (C:\Users\Usuario\AppData\Local\slicer.org\Slicer 5.8.1\slicer.org\Extensions-33241\MONAILabel\lib\Slicer-5.8\qt-scripted-modules\MONAILabelLib\client.py:501) - URI Path: /train/?check_if_running=true
[DEBUG][Python] 16.10.2025 19:11:09 [Python] (C:\Users\Usuario\AppData\Local\slicer.org\Slicer 5.8.1\slicer.org\Extensions-33241\MONAILabel\lib\Slicer-5.8\qt-scripted-modules\MONAILabelLib\client.py:566) - HTTP Response Code: 404
[DEBUG][Python] 16.10.2025 19:11:09 [Python] (C:\Users\Usuario\AppData\Local\slicer.org\Slicer 5.8.1\slicer.org\Extensions-33241\MONAILabel\lib\Slicer-5.8\qt-scripted-modules\MONAILabelLib\client.py:567) - HTTP Response Message: Not Found
[DEBUG][Python] 16.10.2025 19:11:09 [Python] (C:\Users\Usuario\AppData\Local\slicer.org\Slicer 5.8.1\slicer.org\Extensions-33241\MONAILabel\lib\Slicer-5.8\qt-scripted-modules\MONAILabelLib\client.py:568) - HTTP Response Headers: [('date', 'Thu, 16 Oct 2025 23:11:09 GMT'), ('server', 'uvicorn'), ('content-length', '49'), ('content-type', 'application/json')]
[DEBUG][Python] 16.10.2025 19:11:09 [Python] (C:\Users\Usuario\AppData\Local\slicer.org\Slicer 5.8.1\slicer.org\Extensions-33241\MONAILabel\lib\Slicer-5.8\qt-scripted-modules\MONAILabelLib\client.py:571) - HTTP Response Content-Type: application/json
[DEBUG][Python] 16.10.2025 19:11:09 [Python] (C:\Users\Usuario\AppData\Local\slicer.org\Slicer 5.8.1\slicer.org\Extensions-33241\MONAILabel\lib\Slicer-5.8\qt-scripted-modules\MONAILabelLib\client.py:582) - Reading status/content from simple response!
[DEBUG][Python] 16.10.2025 19:11:09 [Python] (C:\Users\Usuario\AppData\Local\slicer.org\Slicer 5.8.1\slicer.org\Extensions-33241\MONAILabel\lib\Slicer-5.8\qt-scripted-modules\MONAILabelLib\client.py:496) - GET http://localhost:8000/auth/
[DEBUG][Python] 16.10.2025 19:11:09 [Python] (C:\Users\Usuario\AppData\Local\slicer.org\Slicer 5.8.1\slicer.org\Extensions-33241\MONAILabel\lib\Slicer-5.8\qt-scripted-modules\MONAILabelLib\client.py:501) - URI Path: /auth/
[DEBUG][Python] 16.10.2025 19:11:11 [Python] (C:\Users\Usuario\AppData\Local\slicer.org\Slicer 5.8.1\slicer.org\Extensions-33241\MONAILabel\lib\Slicer-5.8\qt-scripted-modules\MONAILabelLib\client.py:566) - HTTP Response Code: 404
[DEBUG][Python] 16.10.2025 19:11:11 [Python] (C:\Users\Usuario\AppData\Local\slicer.org\Slicer 5.8.1\slicer.org\Extensions-33241\MONAILabel\lib\Slicer-5.8\qt-scripted-modules\MONAILabelLib\client.py:567) - HTTP Response Message: Not Found
[DEBUG][Python] 16.10.2025 19:11:11 [Python] (C:\Users\Usuario\AppData\Local\slicer.org\Slicer 5.8.1\slicer.org\Extensions-33241\MONAILabel\lib\Slicer-5.8\qt-scripted-modules\MONAILabelLib\client.py:568) - HTTP Response Headers: [('date', 'Thu, 16 Oct 2025 23:11:10 GMT'), ('server', 'uvicorn'), ('content-length', '22'), ('content-type', 'application/json')]
[DEBUG][Python] 16.10.2025 19:11:11 [Python] (C:\Users\Usuario\AppData\Local\slicer.org\Slicer 5.8.1\slicer.org\Extensions-33241\MONAILabel\lib\Slicer-5.8\qt-scripted-modules\MONAILabelLib\client.py:571) - HTTP Response Content-Type: application/json
[DEBUG][Python] 16.10.2025 19:11:11 [Python] (C:\Users\Usuario\AppData\Local\slicer.org\Slicer 5.8.1\slicer.org\Extensions-33241\MONAILabel\lib\Slicer-5.8\qt-scripted-modules\MONAILabelLib\client.py:582) - Reading status/content from simple response!
[DEBUG][Python] 16.10.2025 19:11:11 [Python] (C:\Users\Usuario\AppData\Local\slicer.org\Slicer 5.8.1\slicer.org\Extensions-33241\MONAILabel\lib\Slicer-5.8\qt-scripted-modules\MONAILabelLib\client.py:496) - GET http://localhost:8000/train/?check_if_running=true
[DEBUG][Python] 16.10.2025 19:11:11 [Python] (C:\Users\Usuario\AppData\Local\slicer.org\Slicer 5.8.1\slicer.org\Extensions-33241\MONAILabel\lib\Slicer-5.8\qt-scripted-modules\MONAILabelLib\client.py:501) - URI Path: /train/?check_if_running=true
[DEBUG][Python] 16.10.2025 19:11:13 [Python] (C:\Users\Usuario\AppData\Local\slicer.org\Slicer 5.8.1\slicer.org\Extensions-33241\MONAILabel\lib\Slicer-5.8\qt-scripted-modules\MONAILabelLib\client.py:566) - HTTP Response Code: 404
[DEBUG][Python] 16.10.2025 19:11:13 [Python] (C:\Users\Usuario\AppData\Local\slicer.org\Slicer 5.8.1\slicer.org\Extensions-33241\MONAILabel\lib\Slicer-5.8\qt-scripted-modules\MONAILabelLib\client.py:567) - HTTP Response Message: Not Found
[DEBUG][Python] 16.10.2025 19:11:13 [Python] (C:\Users\Usuario\AppData\Local\slicer.org\Slicer 5.8.1\slicer.org\Extensions-33241\MONAILabel\lib\Slicer-5.8\qt-scripted-modules\MONAILabelLib\client.py:568) - HTTP Response Headers: [('date', 'Thu, 16 Oct 2025 23:11:12 GMT'), ('server', 'uvicorn'), ('content-length', '49'), ('content-type', 'application/json')]
[DEBUG][Python] 16.10.2025 19:11:13 [Python] (C:\Users\Usuario\AppData\Local\slicer.org\Slicer 5.8.1\slicer.org\Extensions-33241\MONAILabel\lib\Slicer-5.8\qt-scripted-modules\MONAILabelLib\client.py:571) - HTTP Response Content-Type: application/json
[DEBUG][Python] 16.10.2025 19:11:13 [Python] (C:\Users\Usuario\AppData\Local\slicer.org\Slicer 5.8.1\slicer.org\Extensions-33241\MONAILabel\lib\Slicer-5.8\qt-scripted-modules\MONAILabelLib\client.py:582) - Reading status/content from simple response!
[DEBUG][Python] 16.10.2025 19:11:13 [Python] (C:/Users/Usuario/AppData/Local/slicer.org/Slicer 5.8.1/slicer.org/Extensions-33241/MONAILabel/lib/Slicer-5.8/qt-scripted-modules/MONAILabel.py:1775) - Update Segmentation Mask from: None
[DEBUG][Python] 16.10.2025 19:11:14 [Python] (C:\Users\Usuario\AppData\Local\slicer.org\Slicer 5.8.1\slicer.org\Extensions-33241\MONAILabel\lib\Slicer-5.8\qt-scripted-modules\MONAILabelLib\client.py:496) - GET http://localhost:8000/auth/
[DEBUG][Python] 16.10.2025 19:11:14 [Python] (C:\Users\Usuario\AppData\Local\slicer.org\Slicer 5.8.1\slicer.org\Extensions-33241\MONAILabel\lib\Slicer-5.8\qt-scripted-modules\MONAILabelLib\client.py:501) - URI Path: /auth/
[DEBUG][Python] 16.10.2025 19:11:16 [Python] (C:\Users\Usuario\AppData\Local\slicer.org\Slicer 5.8.1\slicer.org\Extensions-33241\MONAILabel\lib\Slicer-5.8\qt-scripted-modules\MONAILabelLib\client.py:566) - HTTP Response Code: 404
[DEBUG][Python] 16.10.2025 19:11:16 [Python] (C:\Users\Usuario\AppData\Local\slicer.org\Slicer 5.8.1\slicer.org\Extensions-33241\MONAILabel\lib\Slicer-5.8\qt-scripted-modules\MONAILabelLib\client.py:567) - HTTP Response Message: Not Found
[DEBUG][Python] 16.10.2025 19:11:16 [Python] (C:\Users\Usuario\AppData\Local\slicer.org\Slicer 5.8.1\slicer.org\Extensions-33241\MONAILabel\lib\Slicer-5.8\qt-scripted-modules\MONAILabelLib\client.py:568) - HTTP Response Headers: [('date', 'Thu, 16 Oct 2025 23:11:16 GMT'), ('server', 'uvicorn'), ('content-length', '22'), ('content-type', 'application/json')]
[DEBUG][Python] 16.10.2025 19:11:16 [Python] (C:\Users\Usuario\AppData\Local\slicer.org\Slicer 5.8.1\slicer.org\Extensions-33241\MONAILabel\lib\Slicer-5.8\qt-scripted-modules\MONAILabelLib\client.py:571) - HTTP Response Content-Type: application/json
[DEBUG][Python] 16.10.2025 19:11:16 [Python] (C:\Users\Usuario\AppData\Local\slicer.org\Slicer 5.8.1\slicer.org\Extensions-33241\MONAILabel\lib\Slicer-5.8\qt-scripted-modules\MONAILabelLib\client.py:582) - Reading status/content from simple response!
[DEBUG][Python] 16.10.2025 19:11:16 [Python] (C:\Users\Usuario\AppData\Local\slicer.org\Slicer 5.8.1\slicer.org\Extensions-33241\MONAILabel\lib\Slicer-5.8\qt-scripted-modules\MONAILabelLib\client.py:496) - GET http://localhost:8000/train/?check_if_running=true
[DEBUG][Python] 16.10.2025 19:11:16 [Python] (C:\Users\Usuario\AppData\Local\slicer.org\Slicer 5.8.1\slicer.org\Extensions-33241\MONAILabel\lib\Slicer-5.8\qt-scripted-modules\MONAILabelLib\client.py:501) - URI Path: /train/?check_if_running=true
[DEBUG][Python] 16.10.2025 19:11:18 [Python] (C:\Users\Usuario\AppData\Local\slicer.org\Slicer 5.8.1\slicer.org\Extensions-33241\MONAILabel\lib\Slicer-5.8\qt-scripted-modules\MONAILabelLib\client.py:566) - HTTP Response Code: 404
[DEBUG][Python] 16.10.2025 19:11:18 [Python] (C:\Users\Usuario\AppData\Local\slicer.org\Slicer 5.8.1\slicer.org\Extensions-33241\MONAILabel\lib\Slicer-5.8\qt-scripted-modules\MONAILabelLib\client.py:567) - HTTP Response Message: Not Found
[DEBUG][Python] 16.10.2025 19:11:18 [Python] (C:\Users\Usuario\AppData\Local\slicer.org\Slicer 5.8.1\slicer.org\Extensions-33241\MONAILabel\lib\Slicer-5.8\qt-scripted-modules\MONAILabelLib\client.py:568) - HTTP Response Headers: [('date', 'Thu, 16 Oct 2025 23:11:17 GMT'), ('server', 'uvicorn'), ('content-length', '49'), ('content-type', 'application/json')]
[DEBUG][Python] 16.10.2025 19:11:18 [Python] (C:\Users\Usuario\AppData\Local\slicer.org\Slicer 5.8.1\slicer.org\Extensions-33241\MONAILabel\lib\Slicer-5.8\qt-scripted-modules\MONAILabelLib\client.py:571) - HTTP Response Content-Type: application/json
[DEBUG][Python] 16.10.2025 19:11:18 [Python] (C:\Users\Usuario\AppData\Local\slicer.org\Slicer 5.8.1\slicer.org\Extensions-33241\MONAILabel\lib\Slicer-5.8\qt-scripted-modules\MONAILabelLib\client.py:582) - Reading status/content from simple response!
[DEBUG][Qt] 16.10.2025 19:11:18 [] (unknown:0) - "Volume" Reader has successfully read the file "D:/MONAI_STUDIES2/sample18.nii.gz" "[13.43s]"
