[DEBUG][Qt] 16.10.2025 09:58:42 [] (unknown:0) - Session start time .......: 20251016_095842
[DEBUG][Qt] 16.10.2025 09:58:42 [] (unknown:0) - Slicer version ...........: 5.8.1 (revision 33241 / 11eaf62) win-amd64 - installed release
[DEBUG][Qt] 16.10.2025 09:58:42 [] (unknown:0) - Operating system .........: Windows /  Personal / (Build 26100, Code Page 65001) - 64-bit
[DEBUG][Qt] 16.10.2025 09:58:42 [] (unknown:0) - Memory ...................: 16165 MB physical, 19109 MB virtual
[DEBUG][Qt] 16.10.2025 09:58:42 [] (unknown:0) - CPU ......................: GenuineIntel , 8 cores, 8 logical processors
[DEBUG][Qt] 16.10.2025 09:58:42 [] (unknown:0) - VTK configuration ........: OpenGL2 rendering, TBB threading
[DEBUG][Qt] 16.10.2025 09:58:42 [] (unknown:0) - Qt configuration .........: version 5.15.2, with SSL, requested OpenGL 3.2 (compatibility profile)
[DEBUG][Qt] 16.10.2025 09:58:42 [] (unknown:0) - DCMTK configuration ......: version 3.6.8, no SSL
[DEBUG][Qt] 16.10.2025 09:58:42 [] (unknown:0) - Internationalization .....: disabled, language=
[DEBUG][Qt] 16.10.2025 09:58:42 [] (unknown:0) - Developer mode ...........: disabled
[DEBUG][Qt] 16.10.2025 09:58:42 [] (unknown:0) - Application path .........: C:/Users/Usuario/AppData/Local/slicer.org/Slicer 5.8.1/bin
[DEBUG][Qt] 16.10.2025 09:58:42 [] (unknown:0) - Additional module paths ..: slicer.org/Extensions-33241/Breast_DCEMRI_FTV/lib/Slicer-5.8/qt-scripted-modules, slicer.org/Extensions-33241/MONAIAuto3DSeg/lib/Slicer-5.8/qt-scripted-modules, slicer.org/Extensions-33241/PyTorch/lib/Slicer-5.8/qt-scripted-modules, slicer.org/Extensions-33241/Sandbox/lib/Slicer-5.8/qt-loadable-modules, slicer.org/Extensions-33241/Sandbox/lib/Slicer-5.8/qt-scripted-modules, slicer.org/Extensions-33241/MONAILabel/lib/Slicer-5.8/qt-scripted-modules
[CRITICAL][Stream] 16.10.2025 09:58:56 [] (unknown:0) - C:\Users\Usuario\AppData\Local\slicer.org\Slicer 5.8.1\lib\Python\Lib\site-packages\dicom\__init__.py:53: UserWarning:
[CRITICAL][Stream] 16.10.2025 09:58:56 [] (unknown:0) - This code is using an older version of pydicom, which is no longer
[CRITICAL][Stream] 16.10.2025 09:58:56 [] (unknown:0) - maintained as of Jan 2017.  You can access the new pydicom features and API
[CRITICAL][Stream] 16.10.2025 09:58:56 [] (unknown:0) - by installing `pydicom` from PyPI.
[CRITICAL][Stream] 16.10.2025 09:58:56 [] (unknown:0) - See 'Transitioning to pydicom 1.x' section at pydicom.readthedocs.org
[CRITICAL][Stream] 16.10.2025 09:58:56 [] (unknown:0) - for more information.
[CRITICAL][Stream] 16.10.2025 09:58:56 [] (unknown:0) -
[CRITICAL][Stream] 16.10.2025 09:58:56 [] (unknown:0) -   warnings.warn(msg)
[DEBUG][Python] 16.10.2025 09:58:59 [Python] (C:\Users\Usuario\AppData\Local\slicer.org\Slicer 5.8.1\lib\Python\Lib\site-packages\matplotlib\__init__.py:341) - matplotlib data path: C:\Users\Usuario\AppData\Local\slicer.org\Slicer 5.8.1\lib\Python\Lib\site-packages\matplotlib\mpl-data
[DEBUG][Python] 16.10.2025 09:58:59 [Python] (C:\Users\Usuario\AppData\Local\slicer.org\Slicer 5.8.1\lib\Python\Lib\site-packages\matplotlib\__init__.py:341) - CONFIGDIR=C:\Users\Usuario\.matplotlib
[DEBUG][Python] 16.10.2025 09:58:59 [Python] (C:\Users\Usuario\AppData\Local\slicer.org\Slicer 5.8.1\lib\Python\Lib\site-packages\matplotlib\__init__.py:1512) - interactive is False
[DEBUG][Python] 16.10.2025 09:58:59 [Python] (C:\Users\Usuario\AppData\Local\slicer.org\Slicer 5.8.1\lib\Python\Lib\site-packages\matplotlib\__init__.py:1513) - platform is win32
[DEBUG][Python] 16.10.2025 09:58:59 [Python] (C:\Users\Usuario\AppData\Local\slicer.org\Slicer 5.8.1\lib\Python\Lib\site-packages\matplotlib\__init__.py:341) - CACHEDIR=C:\Users\Usuario\.matplotlib
[DEBUG][Python] 16.10.2025 09:58:59 [Python] (C:\Users\Usuario\AppData\Local\slicer.org\Slicer 5.8.1\lib\Python\Lib\site-packages\matplotlib\font_manager.py:1580) - Using fontManager instance from C:\Users\Usuario\.matplotlib\fontlist-v390.json
[DEBUG][Python] 16.10.2025 09:59:11 [Python] (C:\Users\Usuario\AppData\Local\slicer.org\Slicer 5.8.1\lib\Slicer-5.8\qt-scripted-modules\SubjectHierarchyPlugins\AbstractScriptedSubjectHierarchyPlugin.py:40) - Scripted subject hierarchy plugin registered: SegmentEditor
[DEBUG][Python] 16.10.2025 09:59:11 [Python] (C:\Users\Usuario\AppData\Local\slicer.org\Slicer 5.8.1\lib\Slicer-5.8\qt-scripted-modules\SubjectHierarchyPlugins\AbstractScriptedSubjectHierarchyPlugin.py:40) - Scripted subject hierarchy plugin registered: SegmentStatistics
[DEBUG][Qt] 16.10.2025 09:59:12 [] (unknown:0) - Switch to module:  "Welcome"
[DEBUG][Qt] 16.10.2025 09:59:39 [] (unknown:0) - Switch to module:  ""
