\BOOKMARK [1][-]{section.0.1}{\376\377\000A\000n\000\341\000l\000i\000s\000i\000s\000\040\000d\000e\000l\000\040\000p\000r\000o\000b\000l\000e\000m\000a\000\040\000d\000e\000\040\000i\000n\000v\000e\000s\000t\000i\000g\000a\000c\000i\000\363\000n}{}% 1
\BOOKMARK [2][-]{subsection.0.1.1}{\376\377\000D\000e\000s\000c\000r\000i\000p\000c\000i\000\363\000n\000\040\000d\000e\000l\000\040\000P\000r\000o\000b\000l\000e\000m\000a}{section.0.1}% 2
\BOOKMARK [2][-]{subsection.0.1.2}{\376\377\000S\000i\000t\000u\000a\000c\000i\000\363\000n\000\040\000o\000\040\000F\000e\000n\000\363\000m\000e\000n\000o}{section.0.1}% 3
\BOOKMARK [2][-]{subsection.0.1.3}{\376\377\000I\000n\000c\000e\000r\000t\000i\000d\000u\000m\000b\000r\000e\000\040\000y\000\040\000a\000f\000e\000c\000t\000a\000c\000i\000\363\000n}{section.0.1}% 4
\BOOKMARK [2][-]{subsection.0.1.4}{\376\377\000P\000u\000n\000t\000o\000\040\000d\000e\000\040\000P\000a\000r\000t\000i\000d\000a\000\040\000y\000\040\000D\000e\000f\000i\000n\000i\000c\000i\000\363\000n}{section.0.1}% 5
\BOOKMARK [2][-]{subsection.0.1.5}{\376\377\000I\000m\000p\000o\000r\000t\000a\000n\000c\000i\000a\000\040\000d\000e\000\040\000I\000n\000v\000e\000s\000t\000i\000g\000a\000r}{section.0.1}% 6
\BOOKMARK [1][-]{section.0.2}{\376\377\000E\000s\000t\000r\000u\000c\000t\000u\000r\000a\000\040\000g\000e\000n\000e\000r\000a\000l\000\040\000d\000e\000\040\000l\000a\000\040\000I\000n\000v\000e\000s\000t\000i\000g\000a\000c\000i\000\363\000n}{}% 7
\BOOKMARK [2][-]{subsection.0.2.1}{\376\377\000I\000n\000t\000r\000o\000d\000u\000c\000c\000i\000\363\000n}{section.0.2}% 8
\BOOKMARK [3][-]{subsubsection.0.2.1.1}{\376\377\000P\000r\000e\000s\000e\000n\000t\000a\000c\000i\000\363\000n\000\040\000d\000e\000l\000\040\000t\000e\000m\000a\000\040\000d\000e\000\040\000i\000n\000v\000e\000s\000t\000i\000g\000a\000c\000i\000\363\000n}{subsection.0.2.1}% 9
\BOOKMARK [3][-]{subsubsection.0.2.1.2}{\376\377\000A\000n\000t\000e\000c\000e\000d\000e\000n\000t\000e\000s\000\040\000y\000\040\000c\000o\000n\000t\000e\000x\000t\000o\000\040\000d\000e\000l\000\040\000p\000r\000o\000b\000l\000e\000m\000a}{subsection.0.2.1}% 10
\BOOKMARK [2][-]{subsection.0.2.2}{\376\377\000F\000o\000r\000m\000u\000l\000a\000c\000i\000\363\000n\000\040\000d\000e\000l\000\040\000P\000r\000o\000b\000l\000e\000m\000a}{section.0.2}% 11
\BOOKMARK [2][-]{subsection.0.2.3}{\376\377\000P\000r\000e\000g\000u\000n\000t\000a\000\040\000d\000e\000\040\000i\000n\000v\000e\000s\000t\000i\000g\000a\000c\000i\000\363\000n}{section.0.2}% 12
\BOOKMARK [2][-]{subsection.0.2.4}{\376\377\000H\000i\000p\000\363\000t\000e\000s\000i\000s}{section.0.2}% 13
\BOOKMARK [2][-]{subsection.0.2.5}{\376\377\000O\000b\000j\000e\000t\000i\000v\000o\000s\000\040\000d\000e\000\040\000i\000n\000v\000e\000s\000t\000i\000g\000a\000c\000i\000\363\000n}{section.0.2}% 14
\BOOKMARK [3][-]{subsubsection.0.2.5.1}{\376\377\000O\000b\000j\000e\000t\000i\000v\000o\000\040\000g\000e\000n\000e\000r\000a\000l}{subsection.0.2.5}% 15
\BOOKMARK [3][-]{subsubsection.0.2.5.2}{\376\377\000O\000b\000j\000e\000t\000i\000v\000o\000s\000\040\000e\000s\000p\000e\000c\000\355\000f\000i\000c\000o\000s}{subsection.0.2.5}% 16
\BOOKMARK [2][-]{subsection.0.2.6}{\376\377\000D\000e\000l\000i\000m\000i\000t\000a\000c\000i\000\363\000n\000\040\000d\000e\000\040\000l\000a\000\040\000i\000n\000v\000e\000s\000t\000i\000g\000a\000c\000i\000\363\000n}{section.0.2}% 17
\BOOKMARK [3][-]{subsubsection.0.2.6.1}{\376\377\000L\000\355\000m\000i\000t\000a\000c\000i\000o\000n\000e\000s\000\040\000d\000e\000\040\000e\000s\000t\000u\000d\000i\000o}{subsection.0.2.6}% 18
\BOOKMARK [3][-]{subsubsection.0.2.6.2}{\376\377\000A\000l\000c\000a\000n\000c\000e\000s}{subsection.0.2.6}% 19
\BOOKMARK [2][-]{subsection.0.2.7}{\376\377\000J\000u\000s\000t\000i\000f\000i\000c\000a\000c\000i\000\363\000n}{section.0.2}% 20
\BOOKMARK [3][-]{subsubsection.0.2.7.1}{\376\377\000J\000u\000s\000t\000i\000f\000i\000c\000a\000c\000i\000\363\000n\000\040\000T\000\351\000c\000n\000i\000c\000a}{subsection.0.2.7}% 21
\BOOKMARK [3][-]{subsubsection.0.2.7.2}{\376\377\000J\000u\000s\000t\000i\000f\000i\000c\000a\000c\000i\000\363\000n\000\040\000S\000o\000c\000i\000o\000e\000c\000o\000n\000\363\000m\000i\000c\000a}{subsection.0.2.7}% 22
\BOOKMARK [2][-]{subsection.0.2.8}{\376\377\000I\000m\000p\000o\000r\000t\000a\000n\000c\000i\000a\000\040\000d\000e\000l\000\040\000e\000s\000t\000u\000d\000i\000o}{section.0.2}% 23
\BOOKMARK [1][-]{section.0.3}{\376\377\000M\000a\000r\000c\000o\000\040\000T\000e\000\363\000r\000i\000c\000o}{}% 24
\BOOKMARK [2][-]{subsection.0.3.1}{\376\377\000A\000n\000t\000e\000c\000e\000d\000e\000n\000t\000e\000s\000\040\000y\000\040\000r\000e\000f\000e\000r\000e\000n\000c\000i\000a\000s}{section.0.3}% 25
\BOOKMARK [2][-]{subsection.0.3.2}{\376\377\000E\000s\000t\000a\000d\000o\000\040\000d\000e\000l\000\040\000a\000r\000t\000e}{section.0.3}% 26
\BOOKMARK [2][-]{subsection.0.3.3}{\376\377\000D\000e\000s\000a\000r\000r\000o\000l\000l\000o\000\040\000d\000e\000\040\000t\000e\000o\000r\000\355\000a\000s\000\040\000y\000\040\000m\000o\000d\000e\000l\000o\000s}{section.0.3}% 27
\BOOKMARK [2][-]{subsection.0.3.4}{\376\377\000D\000e\000f\000i\000n\000i\000c\000i\000\363\000n\000\040\000d\000e\000\040\000t\000\351\000r\000m\000i\000n\000o\000s\000\040\000b\000\341\000s\000i\000c\000o\000s}{section.0.3}% 28
\BOOKMARK [1][-]{section.0.4}{\376\377\000M\000a\000r\000c\000o\000\040\000t\000e\000c\000n\000o\000l\000\363\000g\000i\000c\000o}{}% 29
\BOOKMARK [2][-]{subsection.0.4.1}{\376\377\000T\000e\000c\000n\000o\000l\000o\000g\000\355\000a\000s\000\040\000u\000t\000i\000l\000i\000z\000a\000d\000a\000s\000\040\000y\000\040\000t\000e\000n\000d\000e\000n\000c\000i\000a\000s}{section.0.4}% 30
\BOOKMARK [2][-]{subsection.0.4.2}{\376\377\000C\000o\000m\000p\000a\000r\000a\000c\000i\000\363\000n\000\040\000d\000e\000\040\000t\000e\000c\000n\000o\000l\000o\000g\000\355\000a\000s}{section.0.4}% 31
\BOOKMARK [1][-]{section.0.5}{\376\377\000M\000a\000r\000c\000o\000\040\000m\000e\000t\000o\000d\000o\000l\000\363\000g\000i\000c\000o}{}% 32
\BOOKMARK [2][-]{subsection.0.5.1}{\376\377\000M\000e\000t\000o\000d\000o\000l\000o\000g\000\355\000a}{section.0.5}% 33
\BOOKMARK [2][-]{subsection.0.5.2}{\376\377\000P\000l\000a\000n\000\040\000d\000e\000\040\000t\000r\000a\000b\000a\000j\000o}{section.0.5}% 34
\BOOKMARK [1][-]{section.0.6}{\376\377\000M\000a\000r\000c\000o\000\040\000l\000e\000g\000a\000l\000\040\000\050\000o\000p\000c\000i\000o\000n\000a\000l\000\051}{}% 35
\BOOKMARK [1][-]{section.0.7}{\376\377\000I\000n\000g\000e\000n\000i\000e\000r\000\355\000a\000\040\000d\000e\000l\000\040\000p\000r\000o\000y\000e\000c\000t\000o}{}% 36
\BOOKMARK [1][-]{section.0.8}{\376\377\000C\000o\000n\000c\000l\000u\000s\000i\000o\000n\000e\000s\000\040\000y\000\040\000r\000e\000c\000o\000m\000e\000n\000d\000a\000c\000i\000o\000n\000e\000s}{}% 37
\BOOKMARK [0][-]{chapter*.12}{\376\377\000B\000i\000b\000l\000i\000o\000g\000r\000a\000f\000\355\000a}{}% 38
